2025-10-20 21:06:34,236 [INFO] Configuration used: {'data_params': {'data_dir': 'data/processed', 'batch_size': 32, 'image_size': 224, 'num_workers': 4}, 'model_params': {'base_model_name': 'vit_small_patch16_224.augreg_in1k', 'mode': 'full_finetune'}, 'train_params': {'epochs': 150, 'learning_rate': 2e-05, 'weight_decay': 0.05, 'seed': 42, 'early_stopping_patience': 20, 'warmup_epochs': 5, 'label_smoothing': 0.1, 'grad_clip_norm': 1.0, 'scheduler': {'T_max': 150, 'eta_min': 1e-06}, 'mixup': {'mixup_alpha': 0.8, 'cutmix_alpha': 1.0, 'prob': 1.0, 'switch_prob': 0.5, 'mode': 'batch'}}, 'output_params': {'model_save_dir': 'outputs/models', 'log_dir': 'outputs/logs'}}
2025-10-20 21:06:34,243 [INFO] Random seed set to 42
2025-10-20 21:06:34,273 [INFO] Using device: cuda
2025-10-20 21:06:34,295 [INFO] Data loaded. Found 47 classes.
2025-10-20 21:06:34,296 [INFO] Instantiating model...
2025-10-20 21:06:34,785 [INFO] Loading pretrained weights from Hugging Face hub (timm/vit_small_patch16_224.augreg_in1k)
2025-10-20 21:06:35,818 [INFO] [timm/vit_small_patch16_224.augreg_in1k] Safe alternative available for 'pytorch_model.bin' (as 'model.safetensors'). Loading weights using safetensors.
2025-10-20 21:06:36,028 [INFO] Model Parameter Summary: {'total_params': 21683759, 'trainable_params': 21683759, 'trainable_percentage': 100.0}
2025-10-20 21:06:36,443 [INFO] Total GFLOPs: 9.20
2025-10-20 21:06:36,443 [INFO] --- Model Parameter Summary ---
2025-10-20 21:06:36,444 [INFO] Total parameters:      21,683,759
2025-10-20 21:06:36,444 [INFO] Trainable parameters:  21,683,759
2025-10-20 21:06:36,444 [INFO] Trainable %:           100.00%
2025-10-20 21:06:36,444 [INFO] Total GFLOPs:          9.20
2025-10-20 21:06:36,444 [INFO] -----------------------------
2025-10-20 21:06:36,446 [INFO] Parameter summary saved to C:\Workspace\deep-learning-final-project\outputs\logs\vit_full_finetune\training_run_20251020_210634_summary.json
2025-10-20 21:06:36,447 [INFO] Mixup/CutMix enabled.
2025-10-20 21:06:36,448 [INFO] Using CrossEntropyLoss with label smoothing: 0.1
2025-10-20 21:06:36,448 [INFO] Setup complete. Starting training loop...
2025-10-20 21:06:36,448 [INFO] Gradient clipping enabled with max_norm: 1.0
2025-10-20 21:08:08,862 [INFO] Epoch 1: Train Loss: 4.4653, Train Aux Loss: 0.0000, Train Acc: 1.65% | Val Loss: 4.4539, Val Acc: 1.86%| LR: 2.0E-11
2025-10-20 21:08:09,372 [INFO] Validation loss decreased from inf to 4.4539. Saving new best model.
2025-10-20 21:08:24,502 [INFO] Epoch 2: Train Loss: 4.3420, Train Aux Loss: 0.0000, Train Acc: 2.66% | Val Loss: 4.1571, Val Acc: 3.51%| LR: 4.0E-06
2025-10-20 21:08:24,989 [INFO] Validation loss decreased from 4.4539 to 4.1571. Saving new best model.
2025-10-20 21:08:40,183 [INFO] Epoch 3: Train Loss: 4.0362, Train Aux Loss: 0.0000, Train Acc: 5.53% | Val Loss: 3.6566, Val Acc: 12.55%| LR: 8.0E-06
2025-10-20 21:08:40,727 [INFO] Validation loss decreased from 4.1571 to 3.6566. Saving new best model.
2025-10-20 21:08:55,954 [INFO] Epoch 4: Train Loss: 3.6762, Train Aux Loss: 0.0000, Train Acc: 16.17% | Val Loss: 3.1085, Val Acc: 27.18%| LR: 1.2E-05
2025-10-20 21:08:56,476 [INFO] Validation loss decreased from 3.6566 to 3.1085. Saving new best model.
2025-10-20 21:09:11,994 [INFO] Epoch 5: Train Loss: 3.2657, Train Aux Loss: 0.0000, Train Acc: 31.44% | Val Loss: 2.6027, Val Acc: 43.30%| LR: 1.6E-05
2025-10-20 21:09:12,504 [INFO] Validation loss decreased from 3.1085 to 2.6027. Saving new best model.
2025-10-20 21:09:27,874 [INFO] Epoch 6: Train Loss: 3.0498, Train Aux Loss: 0.0000, Train Acc: 39.95% | Val Loss: 2.2861, Val Acc: 50.00%| LR: 2.0E-05
2025-10-20 21:09:28,365 [INFO] Validation loss decreased from 2.6027 to 2.2861. Saving new best model.
2025-10-20 21:09:43,491 [INFO] Epoch 7: Train Loss: 2.7983, Train Aux Loss: 0.0000, Train Acc: 49.41% | Val Loss: 2.1126, Val Acc: 55.37%| LR: 2.0E-05
2025-10-20 21:09:43,987 [INFO] Validation loss decreased from 2.2861 to 2.1126. Saving new best model.
2025-10-20 21:09:59,125 [INFO] Epoch 8: Train Loss: 2.7076, Train Aux Loss: 0.0000, Train Acc: 54.15% | Val Loss: 2.0191, Val Acc: 57.82%| LR: 2.0E-05
2025-10-20 21:09:59,617 [INFO] Validation loss decreased from 2.1126 to 2.0191. Saving new best model.
2025-10-20 21:10:14,687 [INFO] Epoch 9: Train Loss: 2.6352, Train Aux Loss: 0.0000, Train Acc: 60.32% | Val Loss: 1.9481, Val Acc: 61.01%| LR: 2.0E-05
2025-10-20 21:10:15,180 [INFO] Validation loss decreased from 2.0191 to 1.9481. Saving new best model.
2025-10-20 21:10:30,307 [INFO] Epoch 10: Train Loss: 2.5626, Train Aux Loss: 0.0000, Train Acc: 62.45% | Val Loss: 1.8847, Val Acc: 62.61%| LR: 2.0E-05
2025-10-20 21:10:30,769 [INFO] Validation loss decreased from 1.9481 to 1.8847. Saving new best model.
2025-10-20 21:10:45,948 [INFO] Epoch 11: Train Loss: 2.5987, Train Aux Loss: 0.0000, Train Acc: 63.09% | Val Loss: 1.8650, Val Acc: 62.55%| LR: 2.0E-05
2025-10-20 21:10:46,433 [INFO] Validation loss decreased from 1.8847 to 1.8650. Saving new best model.
2025-10-20 21:11:01,716 [INFO] Epoch 12: Train Loss: 2.4541, Train Aux Loss: 0.0000, Train Acc: 70.11% | Val Loss: 1.8104, Val Acc: 64.04%| LR: 2.0E-05
2025-10-20 21:11:02,224 [INFO] Validation loss decreased from 1.8650 to 1.8104. Saving new best model.
2025-10-20 21:11:17,527 [INFO] Epoch 13: Train Loss: 2.4172, Train Aux Loss: 0.0000, Train Acc: 68.83% | Val Loss: 1.8014, Val Acc: 64.20%| LR: 2.0E-05
2025-10-20 21:11:18,050 [INFO] Validation loss decreased from 1.8104 to 1.8014. Saving new best model.
2025-10-20 21:11:33,227 [INFO] Epoch 14: Train Loss: 2.5217, Train Aux Loss: 0.0000, Train Acc: 63.67% | Val Loss: 1.7936, Val Acc: 65.21%| LR: 2.0E-05
2025-10-20 21:11:33,711 [INFO] Validation loss decreased from 1.8014 to 1.7936. Saving new best model.
2025-10-20 21:11:49,141 [INFO] Epoch 15: Train Loss: 2.4164, Train Aux Loss: 0.0000, Train Acc: 70.53% | Val Loss: 1.7619, Val Acc: 65.69%| LR: 2.0E-05
2025-10-20 21:11:49,647 [INFO] Validation loss decreased from 1.7936 to 1.7619. Saving new best model.
2025-10-20 21:12:05,271 [INFO] Epoch 16: Train Loss: 2.3723, Train Aux Loss: 0.0000, Train Acc: 72.29% | Val Loss: 1.7801, Val Acc: 65.53%| LR: 2.0E-05
2025-10-20 21:12:05,272 [INFO] Validation loss did not improve. Early stopping counter: 1/20
2025-10-20 21:12:20,743 [INFO] Epoch 17: Train Loss: 2.2534, Train Aux Loss: 0.0000, Train Acc: 75.37% | Val Loss: 1.7607, Val Acc: 66.65%| LR: 2.0E-05
2025-10-20 21:12:21,250 [INFO] Validation loss decreased from 1.7619 to 1.7607. Saving new best model.
2025-10-20 21:12:36,619 [INFO] Epoch 18: Train Loss: 2.2616, Train Aux Loss: 0.0000, Train Acc: 75.00% | Val Loss: 1.7380, Val Acc: 66.86%| LR: 2.0E-05
2025-10-20 21:12:37,120 [INFO] Validation loss decreased from 1.7607 to 1.7380. Saving new best model.
2025-10-20 21:12:52,372 [INFO] Epoch 19: Train Loss: 2.2952, Train Aux Loss: 0.0000, Train Acc: 72.98% | Val Loss: 1.7313, Val Acc: 67.82%| LR: 2.0E-05
2025-10-20 21:12:52,950 [INFO] Validation loss decreased from 1.7380 to 1.7313. Saving new best model.
2025-10-20 21:13:08,373 [INFO] Epoch 20: Train Loss: 2.2100, Train Aux Loss: 0.0000, Train Acc: 76.76% | Val Loss: 1.7538, Val Acc: 66.60%| LR: 2.0E-05
2025-10-20 21:13:08,373 [INFO] Validation loss did not improve. Early stopping counter: 1/20
2025-10-20 21:13:23,641 [INFO] Epoch 21: Train Loss: 2.2029, Train Aux Loss: 0.0000, Train Acc: 78.67% | Val Loss: 1.7409, Val Acc: 67.02%| LR: 2.0E-05
2025-10-20 21:13:23,642 [INFO] Validation loss did not improve. Early stopping counter: 2/20
2025-10-20 21:13:38,838 [INFO] Epoch 22: Train Loss: 2.1931, Train Aux Loss: 0.0000, Train Acc: 77.18% | Val Loss: 1.7252, Val Acc: 67.61%| LR: 1.9E-05
2025-10-20 21:13:39,331 [INFO] Validation loss decreased from 1.7313 to 1.7252. Saving new best model.
2025-10-20 21:13:54,642 [INFO] Epoch 23: Train Loss: 2.1799, Train Aux Loss: 0.0000, Train Acc: 77.61% | Val Loss: 1.7152, Val Acc: 68.19%| LR: 1.9E-05
2025-10-20 21:13:55,147 [INFO] Validation loss decreased from 1.7252 to 1.7152. Saving new best model.
2025-10-20 21:14:10,235 [INFO] Epoch 24: Train Loss: 2.1441, Train Aux Loss: 0.0000, Train Acc: 78.24% | Val Loss: 1.7174, Val Acc: 67.93%| LR: 1.9E-05
2025-10-20 21:14:10,236 [INFO] Validation loss did not improve. Early stopping counter: 1/20
2025-10-20 21:14:25,340 [INFO] Epoch 25: Train Loss: 2.1678, Train Aux Loss: 0.0000, Train Acc: 80.80% | Val Loss: 1.7299, Val Acc: 67.82%| LR: 1.9E-05
2025-10-20 21:14:25,341 [INFO] Validation loss did not improve. Early stopping counter: 2/20
2025-10-20 21:14:40,438 [INFO] Epoch 26: Train Loss: 2.1770, Train Aux Loss: 0.0000, Train Acc: 77.23% | Val Loss: 1.7185, Val Acc: 68.67%| LR: 1.9E-05
2025-10-20 21:14:40,439 [INFO] Validation loss did not improve. Early stopping counter: 3/20
2025-10-20 21:14:55,637 [INFO] Epoch 27: Train Loss: 2.1773, Train Aux Loss: 0.0000, Train Acc: 77.98% | Val Loss: 1.7244, Val Acc: 68.24%| LR: 1.9E-05
2025-10-20 21:14:55,637 [INFO] Validation loss did not improve. Early stopping counter: 4/20
2025-10-20 21:15:10,756 [INFO] Epoch 28: Train Loss: 2.1475, Train Aux Loss: 0.0000, Train Acc: 78.46% | Val Loss: 1.7042, Val Acc: 69.04%| LR: 1.9E-05
2025-10-20 21:15:11,233 [INFO] Validation loss decreased from 1.7152 to 1.7042. Saving new best model.
2025-10-20 21:15:26,115 [INFO] Epoch 29: Train Loss: 2.1060, Train Aux Loss: 0.0000, Train Acc: 78.83% | Val Loss: 1.7188, Val Acc: 68.51%| LR: 1.9E-05
2025-10-20 21:15:26,115 [INFO] Validation loss did not improve. Early stopping counter: 1/20
2025-10-20 21:15:41,223 [INFO] Epoch 30: Train Loss: 2.0784, Train Aux Loss: 0.0000, Train Acc: 81.33% | Val Loss: 1.7230, Val Acc: 67.93%| LR: 1.9E-05
2025-10-20 21:15:41,223 [INFO] Validation loss did not improve. Early stopping counter: 2/20
2025-10-20 21:15:56,468 [INFO] Epoch 31: Train Loss: 2.0753, Train Aux Loss: 0.0000, Train Acc: 81.97% | Val Loss: 1.7070, Val Acc: 69.04%| LR: 1.9E-05
2025-10-20 21:15:56,469 [INFO] Validation loss did not improve. Early stopping counter: 3/20
2025-10-20 21:16:11,567 [INFO] Epoch 32: Train Loss: 2.0555, Train Aux Loss: 0.0000, Train Acc: 82.55% | Val Loss: 1.7185, Val Acc: 68.51%| LR: 1.9E-05
2025-10-20 21:16:11,567 [INFO] Validation loss did not improve. Early stopping counter: 4/20
2025-10-20 21:16:26,715 [INFO] Epoch 33: Train Loss: 1.9791, Train Aux Loss: 0.0000, Train Acc: 85.69% | Val Loss: 1.7232, Val Acc: 68.35%| LR: 1.8E-05
2025-10-20 21:16:26,715 [INFO] Validation loss did not improve. Early stopping counter: 5/20
2025-10-20 21:16:41,889 [INFO] Epoch 34: Train Loss: 2.0595, Train Aux Loss: 0.0000, Train Acc: 80.43% | Val Loss: 1.6901, Val Acc: 69.31%| LR: 1.8E-05
2025-10-20 21:16:42,389 [INFO] Validation loss decreased from 1.7042 to 1.6901. Saving new best model.
2025-10-20 21:16:57,524 [INFO] Epoch 35: Train Loss: 2.1302, Train Aux Loss: 0.0000, Train Acc: 78.83% | Val Loss: 1.6996, Val Acc: 69.52%| LR: 1.8E-05
2025-10-20 21:16:57,524 [INFO] Validation loss did not improve. Early stopping counter: 1/20
2025-10-20 21:17:12,671 [INFO] Epoch 36: Train Loss: 2.0546, Train Aux Loss: 0.0000, Train Acc: 80.27% | Val Loss: 1.6887, Val Acc: 69.20%| LR: 1.8E-05
2025-10-20 21:17:13,178 [INFO] Validation loss decreased from 1.6901 to 1.6887. Saving new best model.
2025-10-20 21:17:28,348 [INFO] Epoch 37: Train Loss: 2.0374, Train Aux Loss: 0.0000, Train Acc: 82.45% | Val Loss: 1.7248, Val Acc: 68.46%| LR: 1.8E-05
2025-10-20 21:17:28,348 [INFO] Validation loss did not improve. Early stopping counter: 1/20
2025-10-20 21:17:43,527 [INFO] Epoch 38: Train Loss: 2.0746, Train Aux Loss: 0.0000, Train Acc: 81.17% | Val Loss: 1.6982, Val Acc: 69.57%| LR: 1.8E-05
2025-10-20 21:17:43,528 [INFO] Validation loss did not improve. Early stopping counter: 2/20
2025-10-20 21:17:58,713 [INFO] Epoch 39: Train Loss: 1.9852, Train Aux Loss: 0.0000, Train Acc: 85.43% | Val Loss: 1.7103, Val Acc: 68.62%| LR: 1.8E-05
2025-10-20 21:17:58,713 [INFO] Validation loss did not improve. Early stopping counter: 3/20
2025-10-20 21:18:13,778 [INFO] Epoch 40: Train Loss: 2.1138, Train Aux Loss: 0.0000, Train Acc: 76.01% | Val Loss: 1.7064, Val Acc: 69.41%| LR: 1.8E-05
2025-10-20 21:18:13,778 [INFO] Validation loss did not improve. Early stopping counter: 4/20
2025-10-20 21:18:28,859 [INFO] Epoch 41: Train Loss: 2.0368, Train Aux Loss: 0.0000, Train Acc: 81.12% | Val Loss: 1.6918, Val Acc: 69.41%| LR: 1.7E-05
2025-10-20 21:18:28,859 [INFO] Validation loss did not improve. Early stopping counter: 5/20
2025-10-20 21:18:44,029 [INFO] Epoch 42: Train Loss: 1.9401, Train Aux Loss: 0.0000, Train Acc: 84.04% | Val Loss: 1.6992, Val Acc: 69.47%| LR: 1.7E-05
2025-10-20 21:18:44,030 [INFO] Validation loss did not improve. Early stopping counter: 6/20
2025-10-20 21:18:59,172 [INFO] Epoch 43: Train Loss: 1.9168, Train Aux Loss: 0.0000, Train Acc: 86.91% | Val Loss: 1.7093, Val Acc: 69.31%| LR: 1.7E-05
2025-10-20 21:18:59,173 [INFO] Validation loss did not improve. Early stopping counter: 7/20
2025-10-20 21:19:14,274 [INFO] Epoch 44: Train Loss: 1.9885, Train Aux Loss: 0.0000, Train Acc: 83.24% | Val Loss: 1.6932, Val Acc: 69.10%| LR: 1.7E-05
2025-10-20 21:19:14,274 [INFO] Validation loss did not improve. Early stopping counter: 8/20
2025-10-20 21:19:29,369 [INFO] Epoch 45: Train Loss: 1.9425, Train Aux Loss: 0.0000, Train Acc: 86.49% | Val Loss: 1.7115, Val Acc: 68.83%| LR: 1.7E-05
2025-10-20 21:19:29,370 [INFO] Validation loss did not improve. Early stopping counter: 9/20
2025-10-20 21:19:44,447 [INFO] Epoch 46: Train Loss: 1.9759, Train Aux Loss: 0.0000, Train Acc: 83.62% | Val Loss: 1.7008, Val Acc: 69.26%| LR: 1.7E-05
2025-10-20 21:19:44,448 [INFO] Validation loss did not improve. Early stopping counter: 10/20
2025-10-20 21:19:59,594 [INFO] Epoch 47: Train Loss: 1.9720, Train Aux Loss: 0.0000, Train Acc: 80.00% | Val Loss: 1.7086, Val Acc: 69.10%| LR: 1.6E-05
2025-10-20 21:19:59,595 [INFO] Validation loss did not improve. Early stopping counter: 11/20
2025-10-20 21:20:14,764 [INFO] Epoch 48: Train Loss: 2.0002, Train Aux Loss: 0.0000, Train Acc: 82.02% | Val Loss: 1.7112, Val Acc: 69.84%| LR: 1.6E-05
2025-10-20 21:20:14,764 [INFO] Validation loss did not improve. Early stopping counter: 12/20
2025-10-20 21:20:29,867 [INFO] Epoch 49: Train Loss: 1.9657, Train Aux Loss: 0.0000, Train Acc: 81.33% | Val Loss: 1.6912, Val Acc: 69.31%| LR: 1.6E-05
2025-10-20 21:20:29,868 [INFO] Validation loss did not improve. Early stopping counter: 13/20
2025-10-20 21:20:44,963 [INFO] Epoch 50: Train Loss: 1.9664, Train Aux Loss: 0.0000, Train Acc: 82.55% | Val Loss: 1.7192, Val Acc: 69.26%| LR: 1.6E-05
2025-10-20 21:20:44,964 [INFO] Validation loss did not improve. Early stopping counter: 14/20
2025-10-20 21:21:00,093 [INFO] Epoch 51: Train Loss: 1.9139, Train Aux Loss: 0.0000, Train Acc: 82.77% | Val Loss: 1.7018, Val Acc: 69.04%| LR: 1.6E-05
2025-10-20 21:21:00,094 [INFO] Validation loss did not improve. Early stopping counter: 15/20
2025-10-20 21:21:15,192 [INFO] Epoch 52: Train Loss: 1.9487, Train Aux Loss: 0.0000, Train Acc: 83.46% | Val Loss: 1.6983, Val Acc: 68.78%| LR: 1.6E-05
2025-10-20 21:21:15,193 [INFO] Validation loss did not improve. Early stopping counter: 16/20
2025-10-20 21:21:30,326 [INFO] Epoch 53: Train Loss: 1.9493, Train Aux Loss: 0.0000, Train Acc: 80.05% | Val Loss: 1.6923, Val Acc: 69.63%| LR: 1.5E-05
2025-10-20 21:21:30,327 [INFO] Validation loss did not improve. Early stopping counter: 17/20
2025-10-20 21:21:45,464 [INFO] Epoch 54: Train Loss: 2.0128, Train Aux Loss: 0.0000, Train Acc: 79.95% | Val Loss: 1.7119, Val Acc: 68.56%| LR: 1.5E-05
2025-10-20 21:21:45,465 [INFO] Validation loss did not improve. Early stopping counter: 18/20
2025-10-20 21:22:00,661 [INFO] Epoch 55: Train Loss: 1.9386, Train Aux Loss: 0.0000, Train Acc: 84.41% | Val Loss: 1.6881, Val Acc: 69.47%| LR: 1.5E-05
2025-10-20 21:22:01,156 [INFO] Validation loss decreased from 1.6887 to 1.6881. Saving new best model.
2025-10-20 21:22:16,283 [INFO] Epoch 56: Train Loss: 1.9319, Train Aux Loss: 0.0000, Train Acc: 83.03% | Val Loss: 1.6857, Val Acc: 69.52%| LR: 1.5E-05
2025-10-20 21:22:16,807 [INFO] Validation loss decreased from 1.6881 to 1.6857. Saving new best model.
2025-10-20 21:22:31,947 [INFO] Epoch 57: Train Loss: 1.8940, Train Aux Loss: 0.0000, Train Acc: 82.07% | Val Loss: 1.7030, Val Acc: 69.57%| LR: 1.5E-05
2025-10-20 21:22:31,948 [INFO] Validation loss did not improve. Early stopping counter: 1/20
2025-10-20 21:22:47,140 [INFO] Epoch 58: Train Loss: 1.9303, Train Aux Loss: 0.0000, Train Acc: 81.38% | Val Loss: 1.7010, Val Acc: 68.88%| LR: 1.5E-05
2025-10-20 21:22:47,141 [INFO] Validation loss did not improve. Early stopping counter: 2/20
2025-10-20 21:23:02,331 [INFO] Epoch 59: Train Loss: 1.8529, Train Aux Loss: 0.0000, Train Acc: 86.28% | Val Loss: 1.6904, Val Acc: 69.15%| LR: 1.4E-05
2025-10-20 21:23:02,331 [INFO] Validation loss did not improve. Early stopping counter: 3/20
2025-10-20 21:23:17,482 [INFO] Epoch 60: Train Loss: 1.9835, Train Aux Loss: 0.0000, Train Acc: 80.48% | Val Loss: 1.6997, Val Acc: 69.47%| LR: 1.4E-05
2025-10-20 21:23:17,483 [INFO] Validation loss did not improve. Early stopping counter: 4/20
2025-10-20 21:23:32,663 [INFO] Epoch 61: Train Loss: 1.9157, Train Aux Loss: 0.0000, Train Acc: 82.82% | Val Loss: 1.6846, Val Acc: 70.21%| LR: 1.4E-05
2025-10-20 21:23:33,162 [INFO] Validation loss decreased from 1.6857 to 1.6846. Saving new best model.
2025-10-20 21:23:48,367 [INFO] Epoch 62: Train Loss: 1.8970, Train Aux Loss: 0.0000, Train Acc: 85.69% | Val Loss: 1.6616, Val Acc: 71.12%| LR: 1.4E-05
2025-10-20 21:23:48,857 [INFO] Validation loss decreased from 1.6846 to 1.6616. Saving new best model.
2025-10-20 21:24:03,796 [INFO] Epoch 63: Train Loss: 1.8718, Train Aux Loss: 0.0000, Train Acc: 84.68% | Val Loss: 1.6912, Val Acc: 69.84%| LR: 1.4E-05
2025-10-20 21:24:03,797 [INFO] Validation loss did not improve. Early stopping counter: 1/20
2025-10-20 21:24:18,996 [INFO] Epoch 64: Train Loss: 1.9560, Train Aux Loss: 0.0000, Train Acc: 80.53% | Val Loss: 1.6949, Val Acc: 70.16%| LR: 1.3E-05
2025-10-20 21:24:18,996 [INFO] Validation loss did not improve. Early stopping counter: 2/20
2025-10-20 21:24:34,228 [INFO] Epoch 65: Train Loss: 1.8620, Train Aux Loss: 0.0000, Train Acc: 86.44% | Val Loss: 1.7103, Val Acc: 70.16%| LR: 1.3E-05
2025-10-20 21:24:34,229 [INFO] Validation loss did not improve. Early stopping counter: 3/20
2025-10-20 21:24:49,454 [INFO] Epoch 66: Train Loss: 1.8839, Train Aux Loss: 0.0000, Train Acc: 81.97% | Val Loss: 1.6998, Val Acc: 69.41%| LR: 1.3E-05
2025-10-20 21:24:49,454 [INFO] Validation loss did not improve. Early stopping counter: 4/20
2025-10-20 21:25:04,702 [INFO] Epoch 67: Train Loss: 1.8221, Train Aux Loss: 0.0000, Train Acc: 88.99% | Val Loss: 1.6763, Val Acc: 70.96%| LR: 1.3E-05
2025-10-20 21:25:04,703 [INFO] Validation loss did not improve. Early stopping counter: 5/20
2025-10-20 21:25:19,882 [INFO] Epoch 68: Train Loss: 1.8577, Train Aux Loss: 0.0000, Train Acc: 84.47% | Val Loss: 1.6867, Val Acc: 69.57%| LR: 1.3E-05
2025-10-20 21:25:19,882 [INFO] Validation loss did not improve. Early stopping counter: 6/20
2025-10-20 21:25:35,035 [INFO] Epoch 69: Train Loss: 1.8719, Train Aux Loss: 0.0000, Train Acc: 81.81% | Val Loss: 1.6791, Val Acc: 69.89%| LR: 1.2E-05
2025-10-20 21:25:35,035 [INFO] Validation loss did not improve. Early stopping counter: 7/20
2025-10-20 21:25:50,183 [INFO] Epoch 70: Train Loss: 1.8898, Train Aux Loss: 0.0000, Train Acc: 81.38% | Val Loss: 1.6935, Val Acc: 70.11%| LR: 1.2E-05
2025-10-20 21:25:50,183 [INFO] Validation loss did not improve. Early stopping counter: 8/20
2025-10-20 21:26:05,299 [INFO] Epoch 71: Train Loss: 1.8913, Train Aux Loss: 0.0000, Train Acc: 83.83% | Val Loss: 1.7082, Val Acc: 70.74%| LR: 1.2E-05
2025-10-20 21:26:05,299 [INFO] Validation loss did not improve. Early stopping counter: 9/20
2025-10-20 21:26:20,480 [INFO] Epoch 72: Train Loss: 1.8616, Train Aux Loss: 0.0000, Train Acc: 84.10% | Val Loss: 1.6860, Val Acc: 70.74%| LR: 1.2E-05
2025-10-20 21:26:20,480 [INFO] Validation loss did not improve. Early stopping counter: 10/20
2025-10-20 21:26:35,675 [INFO] Epoch 73: Train Loss: 1.8299, Train Aux Loss: 0.0000, Train Acc: 86.44% | Val Loss: 1.6828, Val Acc: 71.06%| LR: 1.2E-05
2025-10-20 21:26:35,675 [INFO] Validation loss did not improve. Early stopping counter: 11/20
2025-10-20 21:26:50,901 [INFO] Epoch 74: Train Loss: 1.8423, Train Aux Loss: 0.0000, Train Acc: 87.29% | Val Loss: 1.6802, Val Acc: 70.53%| LR: 1.1E-05
2025-10-20 21:26:50,901 [INFO] Validation loss did not improve. Early stopping counter: 12/20
2025-10-20 21:27:06,092 [INFO] Epoch 75: Train Loss: 1.8662, Train Aux Loss: 0.0000, Train Acc: 85.16% | Val Loss: 1.6807, Val Acc: 70.27%| LR: 1.1E-05
2025-10-20 21:27:06,093 [INFO] Validation loss did not improve. Early stopping counter: 13/20
2025-10-20 21:27:21,353 [INFO] Epoch 76: Train Loss: 1.8158, Train Aux Loss: 0.0000, Train Acc: 87.02% | Val Loss: 1.6877, Val Acc: 70.85%| LR: 1.1E-05
2025-10-20 21:27:21,353 [INFO] Validation loss did not improve. Early stopping counter: 14/20
2025-10-20 21:27:36,536 [INFO] Epoch 77: Train Loss: 1.8489, Train Aux Loss: 0.0000, Train Acc: 87.93% | Val Loss: 1.6936, Val Acc: 70.80%| LR: 1.1E-05
2025-10-20 21:27:36,536 [INFO] Validation loss did not improve. Early stopping counter: 15/20
2025-10-20 21:27:51,700 [INFO] Epoch 78: Train Loss: 1.8856, Train Aux Loss: 0.0000, Train Acc: 84.63% | Val Loss: 1.6845, Val Acc: 70.16%| LR: 1.1E-05
2025-10-20 21:27:51,700 [INFO] Validation loss did not improve. Early stopping counter: 16/20
2025-10-20 21:28:06,905 [INFO] Epoch 79: Train Loss: 1.8408, Train Aux Loss: 0.0000, Train Acc: 83.40% | Val Loss: 1.6714, Val Acc: 71.28%| LR: 1.0E-05
2025-10-20 21:28:06,905 [INFO] Validation loss did not improve. Early stopping counter: 17/20
2025-10-20 21:28:22,175 [INFO] Epoch 80: Train Loss: 1.8500, Train Aux Loss: 0.0000, Train Acc: 81.91% | Val Loss: 1.6940, Val Acc: 70.43%| LR: 1.0E-05
2025-10-20 21:28:22,176 [INFO] Validation loss did not improve. Early stopping counter: 18/20
2025-10-20 21:28:37,418 [INFO] Epoch 81: Train Loss: 1.9147, Train Aux Loss: 0.0000, Train Acc: 85.05% | Val Loss: 1.6820, Val Acc: 70.21%| LR: 1.0E-05
2025-10-20 21:28:37,419 [INFO] Validation loss did not improve. Early stopping counter: 19/20
2025-10-20 21:28:52,659 [INFO] Epoch 82: Train Loss: 1.8317, Train Aux Loss: 0.0000, Train Acc: 86.12% | Val Loss: 1.6846, Val Acc: 69.63%| LR: 9.8E-06
2025-10-20 21:28:52,660 [INFO] Validation loss did not improve. Early stopping counter: 20/20
2025-10-20 21:28:52,660 [INFO] --- Early stopping triggered after 82 epochs. ---
2025-10-20 21:28:52,660 [INFO] --- Training finished ---
2025-10-20 21:28:52,667 [INFO] Training history saved to C:\Workspace\deep-learning-final-project\outputs\logs\vit_full_finetune\training_run_20251020_210634_history.csv
