2025-10-20 20:19:12,409 [INFO] Configuration used: {'data_params': {'data_dir': 'data/processed', 'batch_size': 32, 'image_size': 224, 'num_workers': 4}, 'model_params': {'base_model_name': 'deit_small_patch16_224', 'mode': 'lora', 'lora_rank': 32, 'lora_alpha': 64, 'target_blocks_indices': [8, 9, 10, 11]}, 'train_params': {'epochs': 150, 'learning_rate': 0.0001, 'weight_decay': 0.05, 'seed': 42, 'early_stopping_patience': 20, 'warmup_epochs': 5, 'label_smoothing': 0.1, 'grad_clip_norm': 1.0, 'scheduler': {'T_max': 150, 'eta_min': 1e-06}, 'mixup': {'mixup_alpha': 0.8, 'cutmix_alpha': 1.0, 'prob': 1.0, 'switch_prob': 0.5, 'mode': 'batch'}}, 'output_params': {'model_save_dir': 'outputs/models', 'log_dir': 'outputs/logs'}}
2025-10-20 20:19:12,415 [INFO] Random seed set to 42
2025-10-20 20:19:12,444 [INFO] Using device: cuda
2025-10-20 20:19:12,460 [INFO] Data loaded. Found 47 classes.
2025-10-20 20:19:12,461 [INFO] Instantiating model...
2025-10-20 20:19:12,926 [INFO] Loading pretrained weights from Hugging Face hub (timm/deit_small_patch16_224.fb_in1k)
2025-10-20 20:19:13,922 [INFO] [timm/deit_small_patch16_224.fb_in1k] Safe alternative available for 'pytorch_model.bin' (as 'model.safetensors'). Loading weights using safetensors.
2025-10-20 20:19:14,149 [INFO] Model Parameter Summary: {'total_params': 21880367, 'trainable_params': 214703, 'trainable_percentage': 0.981258678156541}
2025-10-20 20:19:14,587 [INFO] Total GFLOPs: 9.27
2025-10-20 20:19:14,587 [INFO] --- Model Parameter Summary ---
2025-10-20 20:19:14,588 [INFO] Total parameters:      21,880,367
2025-10-20 20:19:14,588 [INFO] Trainable parameters:  214,703
2025-10-20 20:19:14,588 [INFO] Trainable %:           0.98%
2025-10-20 20:19:14,588 [INFO] Total GFLOPs:          9.27
2025-10-20 20:19:14,588 [INFO] -----------------------------
2025-10-20 20:19:14,590 [INFO] Parameter summary saved to C:\Workspace\deep-learning-final-project\outputs\logs\deit_static_lora\training_run_20251020_201912_summary.json
2025-10-20 20:19:14,592 [INFO] Mixup/CutMix enabled.
2025-10-20 20:19:14,592 [INFO] Using CrossEntropyLoss with label smoothing: 0.1
2025-10-20 20:19:14,593 [INFO] Setup complete. Starting training loop...
2025-10-20 20:19:14,593 [INFO] Gradient clipping enabled with max_norm: 1.0
2025-10-20 20:20:42,950 [INFO] Epoch 1: Train Loss: 4.0036, Train Aux Loss: 0.0000, Train Acc: 2.82% | Val Loss: 3.9908, Val Acc: 1.86%| LR: 1.0E-10
2025-10-20 20:20:43,114 [INFO] Validation loss decreased from inf to 3.9908. Saving new best model.
2025-10-20 20:20:53,026 [INFO] Epoch 2: Train Loss: 3.9930, Train Aux Loss: 0.0000, Train Acc: 2.39% | Val Loss: 3.9378, Val Acc: 2.55%| LR: 2.0E-05
2025-10-20 20:20:53,205 [INFO] Validation loss decreased from 3.9908 to 3.9378. Saving new best model.
2025-10-20 20:21:03,171 [INFO] Epoch 3: Train Loss: 3.9271, Train Aux Loss: 0.0000, Train Acc: 3.24% | Val Loss: 3.8231, Val Acc: 4.36%| LR: 4.0E-05
2025-10-20 20:21:03,351 [INFO] Validation loss decreased from 3.9378 to 3.8231. Saving new best model.
2025-10-20 20:21:13,331 [INFO] Epoch 4: Train Loss: 3.8184, Train Aux Loss: 0.0000, Train Acc: 6.70% | Val Loss: 3.6556, Val Acc: 10.64%| LR: 6.0E-05
2025-10-20 20:21:13,509 [INFO] Validation loss decreased from 3.8231 to 3.6556. Saving new best model.
2025-10-20 20:21:23,633 [INFO] Epoch 5: Train Loss: 3.6628, Train Aux Loss: 0.0000, Train Acc: 13.62% | Val Loss: 3.4017, Val Acc: 22.55%| LR: 8.0E-05
2025-10-20 20:21:23,809 [INFO] Validation loss decreased from 3.6556 to 3.4017. Saving new best model.
2025-10-20 20:21:33,915 [INFO] Epoch 6: Train Loss: 3.4655, Train Aux Loss: 0.0000, Train Acc: 24.79% | Val Loss: 2.9869, Val Acc: 34.89%| LR: 1.0E-04
2025-10-20 20:21:34,097 [INFO] Validation loss decreased from 3.4017 to 2.9869. Saving new best model.
2025-10-20 20:21:43,906 [INFO] Epoch 7: Train Loss: 3.1662, Train Aux Loss: 0.0000, Train Acc: 36.49% | Val Loss: 2.6219, Val Acc: 44.36%| LR: 1.0E-04
2025-10-20 20:21:44,075 [INFO] Validation loss decreased from 2.9869 to 2.6219. Saving new best model.
2025-10-20 20:21:53,999 [INFO] Epoch 8: Train Loss: 2.9942, Train Aux Loss: 0.0000, Train Acc: 42.77% | Val Loss: 2.4318, Val Acc: 49.15%| LR: 1.0E-04
2025-10-20 20:21:54,175 [INFO] Validation loss decreased from 2.6219 to 2.4318. Saving new best model.
2025-10-20 20:22:04,086 [INFO] Epoch 9: Train Loss: 2.9220, Train Aux Loss: 0.0000, Train Acc: 46.91% | Val Loss: 2.3031, Val Acc: 51.76%| LR: 1.0E-04
2025-10-20 20:22:04,260 [INFO] Validation loss decreased from 2.4318 to 2.3031. Saving new best model.
2025-10-20 20:22:14,152 [INFO] Epoch 10: Train Loss: 2.8362, Train Aux Loss: 0.0000, Train Acc: 51.17% | Val Loss: 2.1948, Val Acc: 55.11%| LR: 1.0E-04
2025-10-20 20:22:14,324 [INFO] Validation loss decreased from 2.3031 to 2.1948. Saving new best model.
2025-10-20 20:22:25,111 [INFO] Epoch 11: Train Loss: 2.8371, Train Aux Loss: 0.0000, Train Acc: 51.38% | Val Loss: 2.1397, Val Acc: 56.01%| LR: 1.0E-04
2025-10-20 20:22:25,306 [INFO] Validation loss decreased from 2.1948 to 2.1397. Saving new best model.
2025-10-20 20:22:35,864 [INFO] Epoch 12: Train Loss: 2.7149, Train Aux Loss: 0.0000, Train Acc: 57.07% | Val Loss: 2.0811, Val Acc: 58.24%| LR: 1.0E-04
2025-10-20 20:22:36,055 [INFO] Validation loss decreased from 2.1397 to 2.0811. Saving new best model.
2025-10-20 20:22:46,736 [INFO] Epoch 13: Train Loss: 2.6857, Train Aux Loss: 0.0000, Train Acc: 56.54% | Val Loss: 2.0251, Val Acc: 58.40%| LR: 9.9E-05
2025-10-20 20:22:46,922 [INFO] Validation loss decreased from 2.0811 to 2.0251. Saving new best model.
2025-10-20 20:22:57,411 [INFO] Epoch 14: Train Loss: 2.7397, Train Aux Loss: 0.0000, Train Acc: 54.36% | Val Loss: 1.9857, Val Acc: 60.21%| LR: 9.9E-05
2025-10-20 20:22:57,596 [INFO] Validation loss decreased from 2.0251 to 1.9857. Saving new best model.
2025-10-20 20:23:08,430 [INFO] Epoch 15: Train Loss: 2.6720, Train Aux Loss: 0.0000, Train Acc: 56.70% | Val Loss: 1.9607, Val Acc: 60.90%| LR: 9.9E-05
2025-10-20 20:23:08,623 [INFO] Validation loss decreased from 1.9857 to 1.9607. Saving new best model.
2025-10-20 20:23:18,478 [INFO] Epoch 16: Train Loss: 2.6330, Train Aux Loss: 0.0000, Train Acc: 58.24% | Val Loss: 1.9404, Val Acc: 61.44%| LR: 9.9E-05
2025-10-20 20:23:18,670 [INFO] Validation loss decreased from 1.9607 to 1.9404. Saving new best model.
2025-10-20 20:23:28,560 [INFO] Epoch 17: Train Loss: 2.5478, Train Aux Loss: 0.0000, Train Acc: 61.86% | Val Loss: 1.9055, Val Acc: 62.71%| LR: 9.9E-05
2025-10-20 20:23:28,737 [INFO] Validation loss decreased from 1.9404 to 1.9055. Saving new best model.
2025-10-20 20:23:38,648 [INFO] Epoch 18: Train Loss: 2.5605, Train Aux Loss: 0.0000, Train Acc: 60.16% | Val Loss: 1.8952, Val Acc: 61.86%| LR: 9.8E-05
2025-10-20 20:23:38,825 [INFO] Validation loss decreased from 1.9055 to 1.8952. Saving new best model.
2025-10-20 20:23:49,493 [INFO] Epoch 19: Train Loss: 2.5480, Train Aux Loss: 0.0000, Train Acc: 60.05% | Val Loss: 1.8607, Val Acc: 63.09%| LR: 9.8E-05
2025-10-20 20:23:49,660 [INFO] Validation loss decreased from 1.8952 to 1.8607. Saving new best model.
2025-10-20 20:24:00,667 [INFO] Epoch 20: Train Loss: 2.4853, Train Aux Loss: 0.0000, Train Acc: 63.09% | Val Loss: 1.8451, Val Acc: 64.04%| LR: 9.8E-05
2025-10-20 20:24:00,867 [INFO] Validation loss decreased from 1.8607 to 1.8451. Saving new best model.
2025-10-20 20:24:11,998 [INFO] Epoch 21: Train Loss: 2.5146, Train Aux Loss: 0.0000, Train Acc: 64.41% | Val Loss: 1.8319, Val Acc: 64.31%| LR: 9.7E-05
2025-10-20 20:24:12,177 [INFO] Validation loss decreased from 1.8451 to 1.8319. Saving new best model.
2025-10-20 20:24:22,304 [INFO] Epoch 22: Train Loss: 2.4768, Train Aux Loss: 0.0000, Train Acc: 65.37% | Val Loss: 1.8304, Val Acc: 63.56%| LR: 9.7E-05
2025-10-20 20:24:22,485 [INFO] Validation loss decreased from 1.8319 to 1.8304. Saving new best model.
2025-10-20 20:24:32,765 [INFO] Epoch 23: Train Loss: 2.4845, Train Aux Loss: 0.0000, Train Acc: 62.71% | Val Loss: 1.8319, Val Acc: 63.78%| LR: 9.7E-05
2025-10-20 20:24:32,766 [INFO] Validation loss did not improve. Early stopping counter: 1/20
2025-10-20 20:24:42,880 [INFO] Epoch 24: Train Loss: 2.4576, Train Aux Loss: 0.0000, Train Acc: 63.67% | Val Loss: 1.7949, Val Acc: 65.05%| LR: 9.6E-05
2025-10-20 20:24:43,052 [INFO] Validation loss decreased from 1.8304 to 1.7949. Saving new best model.
2025-10-20 20:24:52,962 [INFO] Epoch 25: Train Loss: 2.4625, Train Aux Loss: 0.0000, Train Acc: 67.71% | Val Loss: 1.7902, Val Acc: 65.21%| LR: 9.6E-05
2025-10-20 20:24:53,149 [INFO] Validation loss decreased from 1.7949 to 1.7902. Saving new best model.
2025-10-20 20:25:03,983 [INFO] Epoch 26: Train Loss: 2.5033, Train Aux Loss: 0.0000, Train Acc: 62.71% | Val Loss: 1.7907, Val Acc: 65.64%| LR: 9.5E-05
2025-10-20 20:25:03,983 [INFO] Validation loss did not improve. Early stopping counter: 1/20
2025-10-20 20:25:15,391 [INFO] Epoch 27: Train Loss: 2.4946, Train Aux Loss: 0.0000, Train Acc: 63.46% | Val Loss: 1.7821, Val Acc: 65.11%| LR: 9.5E-05
2025-10-20 20:25:15,576 [INFO] Validation loss decreased from 1.7902 to 1.7821. Saving new best model.
2025-10-20 20:25:26,328 [INFO] Epoch 28: Train Loss: 2.4784, Train Aux Loss: 0.0000, Train Acc: 63.67% | Val Loss: 1.7666, Val Acc: 66.22%| LR: 9.4E-05
2025-10-20 20:25:26,516 [INFO] Validation loss decreased from 1.7821 to 1.7666. Saving new best model.
2025-10-20 20:25:37,337 [INFO] Epoch 29: Train Loss: 2.4360, Train Aux Loss: 0.0000, Train Acc: 65.90% | Val Loss: 1.7689, Val Acc: 64.95%| LR: 9.4E-05
2025-10-20 20:25:37,338 [INFO] Validation loss did not improve. Early stopping counter: 1/20
2025-10-20 20:25:47,570 [INFO] Epoch 30: Train Loss: 2.4080, Train Aux Loss: 0.0000, Train Acc: 66.54% | Val Loss: 1.7522, Val Acc: 65.90%| LR: 9.3E-05
2025-10-20 20:25:47,745 [INFO] Validation loss decreased from 1.7666 to 1.7522. Saving new best model.
2025-10-20 20:25:57,787 [INFO] Epoch 31: Train Loss: 2.3955, Train Aux Loss: 0.0000, Train Acc: 67.02% | Val Loss: 1.7527, Val Acc: 65.32%| LR: 9.3E-05
2025-10-20 20:25:57,787 [INFO] Validation loss did not improve. Early stopping counter: 1/20
2025-10-20 20:26:07,789 [INFO] Epoch 32: Train Loss: 2.3918, Train Aux Loss: 0.0000, Train Acc: 67.87% | Val Loss: 1.7435, Val Acc: 66.17%| LR: 9.2E-05
2025-10-20 20:26:07,968 [INFO] Validation loss decreased from 1.7522 to 1.7435. Saving new best model.
2025-10-20 20:26:17,997 [INFO] Epoch 33: Train Loss: 2.3345, Train Aux Loss: 0.0000, Train Acc: 70.00% | Val Loss: 1.7413, Val Acc: 66.38%| LR: 9.2E-05
2025-10-20 20:26:18,171 [INFO] Validation loss decreased from 1.7435 to 1.7413. Saving new best model.
2025-10-20 20:26:28,510 [INFO] Epoch 34: Train Loss: 2.3996, Train Aux Loss: 0.0000, Train Acc: 67.23% | Val Loss: 1.7337, Val Acc: 66.54%| LR: 9.1E-05
2025-10-20 20:26:28,690 [INFO] Validation loss decreased from 1.7413 to 1.7337. Saving new best model.
2025-10-20 20:26:38,770 [INFO] Epoch 35: Train Loss: 2.4418, Train Aux Loss: 0.0000, Train Acc: 65.43% | Val Loss: 1.7293, Val Acc: 66.65%| LR: 9.1E-05
2025-10-20 20:26:38,946 [INFO] Validation loss decreased from 1.7337 to 1.7293. Saving new best model.
2025-10-20 20:26:50,683 [INFO] Epoch 36: Train Loss: 2.3943, Train Aux Loss: 0.0000, Train Acc: 66.70% | Val Loss: 1.7278, Val Acc: 66.86%| LR: 9.0E-05
2025-10-20 20:26:50,855 [INFO] Validation loss decreased from 1.7293 to 1.7278. Saving new best model.
2025-10-20 20:27:02,464 [INFO] Epoch 37: Train Loss: 2.3543, Train Aux Loss: 0.0000, Train Acc: 68.94% | Val Loss: 1.7290, Val Acc: 66.28%| LR: 8.9E-05
2025-10-20 20:27:02,464 [INFO] Validation loss did not improve. Early stopping counter: 1/20
2025-10-20 20:27:13,568 [INFO] Epoch 38: Train Loss: 2.4051, Train Aux Loss: 0.0000, Train Acc: 68.46% | Val Loss: 1.7284, Val Acc: 65.74%| LR: 8.9E-05
2025-10-20 20:27:13,569 [INFO] Validation loss did not improve. Early stopping counter: 2/20
2025-10-20 20:27:23,988 [INFO] Epoch 39: Train Loss: 2.3337, Train Aux Loss: 0.0000, Train Acc: 70.69% | Val Loss: 1.7247, Val Acc: 65.96%| LR: 8.8E-05
2025-10-20 20:27:24,168 [INFO] Validation loss decreased from 1.7278 to 1.7247. Saving new best model.
2025-10-20 20:27:35,033 [INFO] Epoch 40: Train Loss: 2.4382, Train Aux Loss: 0.0000, Train Acc: 63.46% | Val Loss: 1.7209, Val Acc: 66.38%| LR: 8.7E-05
2025-10-20 20:27:35,208 [INFO] Validation loss decreased from 1.7247 to 1.7209. Saving new best model.
2025-10-20 20:27:46,604 [INFO] Epoch 41: Train Loss: 2.3652, Train Aux Loss: 0.0000, Train Acc: 69.31% | Val Loss: 1.7127, Val Acc: 66.65%| LR: 8.6E-05
2025-10-20 20:27:46,820 [INFO] Validation loss decreased from 1.7209 to 1.7127. Saving new best model.
2025-10-20 20:27:57,151 [INFO] Epoch 42: Train Loss: 2.2779, Train Aux Loss: 0.0000, Train Acc: 71.70% | Val Loss: 1.7104, Val Acc: 66.97%| LR: 8.6E-05
2025-10-20 20:27:57,343 [INFO] Validation loss decreased from 1.7127 to 1.7104. Saving new best model.
2025-10-20 20:28:08,606 [INFO] Epoch 43: Train Loss: 2.2587, Train Aux Loss: 0.0000, Train Acc: 73.46% | Val Loss: 1.7040, Val Acc: 66.86%| LR: 8.5E-05
2025-10-20 20:28:08,785 [INFO] Validation loss decreased from 1.7104 to 1.7040. Saving new best model.
2025-10-20 20:28:18,758 [INFO] Epoch 44: Train Loss: 2.2951, Train Aux Loss: 0.0000, Train Acc: 71.54% | Val Loss: 1.7070, Val Acc: 66.60%| LR: 8.4E-05
2025-10-20 20:28:18,758 [INFO] Validation loss did not improve. Early stopping counter: 1/20
2025-10-20 20:28:28,736 [INFO] Epoch 45: Train Loss: 2.3003, Train Aux Loss: 0.0000, Train Acc: 72.34% | Val Loss: 1.7074, Val Acc: 66.60%| LR: 8.3E-05
2025-10-20 20:28:28,736 [INFO] Validation loss did not improve. Early stopping counter: 2/20
2025-10-20 20:28:38,708 [INFO] Epoch 46: Train Loss: 2.3300, Train Aux Loss: 0.0000, Train Acc: 70.74% | Val Loss: 1.6895, Val Acc: 67.18%| LR: 8.3E-05
2025-10-20 20:28:38,886 [INFO] Validation loss decreased from 1.7040 to 1.6895. Saving new best model.
2025-10-20 20:28:48,802 [INFO] Epoch 47: Train Loss: 2.3325, Train Aux Loss: 0.0000, Train Acc: 68.19% | Val Loss: 1.7024, Val Acc: 67.55%| LR: 8.2E-05
2025-10-20 20:28:48,802 [INFO] Validation loss did not improve. Early stopping counter: 1/20
2025-10-20 20:28:58,764 [INFO] Epoch 48: Train Loss: 2.3408, Train Aux Loss: 0.0000, Train Acc: 70.05% | Val Loss: 1.7010, Val Acc: 67.61%| LR: 8.1E-05
2025-10-20 20:28:58,764 [INFO] Validation loss did not improve. Early stopping counter: 2/20
2025-10-20 20:29:08,703 [INFO] Epoch 49: Train Loss: 2.3194, Train Aux Loss: 0.0000, Train Acc: 69.20% | Val Loss: 1.6929, Val Acc: 67.07%| LR: 8.0E-05
2025-10-20 20:29:08,703 [INFO] Validation loss did not improve. Early stopping counter: 3/20
2025-10-20 20:29:18,638 [INFO] Epoch 50: Train Loss: 2.3215, Train Aux Loss: 0.0000, Train Acc: 70.32% | Val Loss: 1.7043, Val Acc: 67.02%| LR: 7.9E-05
2025-10-20 20:29:18,639 [INFO] Validation loss did not improve. Early stopping counter: 4/20
2025-10-20 20:29:28,598 [INFO] Epoch 51: Train Loss: 2.2800, Train Aux Loss: 0.0000, Train Acc: 71.38% | Val Loss: 1.6930, Val Acc: 67.55%| LR: 7.8E-05
2025-10-20 20:29:28,598 [INFO] Validation loss did not improve. Early stopping counter: 5/20
2025-10-20 20:29:38,507 [INFO] Epoch 52: Train Loss: 2.3023, Train Aux Loss: 0.0000, Train Acc: 72.07% | Val Loss: 1.6971, Val Acc: 67.61%| LR: 7.7E-05
2025-10-20 20:29:38,507 [INFO] Validation loss did not improve. Early stopping counter: 6/20
2025-10-20 20:29:48,526 [INFO] Epoch 53: Train Loss: 2.3143, Train Aux Loss: 0.0000, Train Acc: 68.46% | Val Loss: 1.6922, Val Acc: 67.18%| LR: 7.6E-05
2025-10-20 20:29:48,527 [INFO] Validation loss did not improve. Early stopping counter: 7/20
2025-10-20 20:29:58,509 [INFO] Epoch 54: Train Loss: 2.3604, Train Aux Loss: 0.0000, Train Acc: 69.20% | Val Loss: 1.6941, Val Acc: 66.91%| LR: 7.6E-05
2025-10-20 20:29:58,510 [INFO] Validation loss did not improve. Early stopping counter: 8/20
2025-10-20 20:30:08,519 [INFO] Epoch 55: Train Loss: 2.2701, Train Aux Loss: 0.0000, Train Acc: 74.10% | Val Loss: 1.6826, Val Acc: 67.98%| LR: 7.5E-05
2025-10-20 20:30:08,690 [INFO] Validation loss decreased from 1.6895 to 1.6826. Saving new best model.
2025-10-20 20:30:18,635 [INFO] Epoch 56: Train Loss: 2.2771, Train Aux Loss: 0.0000, Train Acc: 70.96% | Val Loss: 1.6916, Val Acc: 67.50%| LR: 7.4E-05
2025-10-20 20:30:18,636 [INFO] Validation loss did not improve. Early stopping counter: 1/20
2025-10-20 20:30:28,517 [INFO] Epoch 57: Train Loss: 2.2657, Train Aux Loss: 0.0000, Train Acc: 69.84% | Val Loss: 1.6817, Val Acc: 67.98%| LR: 7.3E-05
2025-10-20 20:30:28,683 [INFO] Validation loss decreased from 1.6826 to 1.6817. Saving new best model.
2025-10-20 20:30:38,593 [INFO] Epoch 58: Train Loss: 2.2905, Train Aux Loss: 0.0000, Train Acc: 70.32% | Val Loss: 1.6846, Val Acc: 68.24%| LR: 7.2E-05
2025-10-20 20:30:38,594 [INFO] Validation loss did not improve. Early stopping counter: 1/20
2025-10-20 20:30:48,591 [INFO] Epoch 59: Train Loss: 2.2067, Train Aux Loss: 0.0000, Train Acc: 75.00% | Val Loss: 1.6800, Val Acc: 67.93%| LR: 7.1E-05
2025-10-20 20:30:48,751 [INFO] Validation loss decreased from 1.6817 to 1.6800. Saving new best model.
2025-10-20 20:30:58,849 [INFO] Epoch 60: Train Loss: 2.3409, Train Aux Loss: 0.0000, Train Acc: 70.00% | Val Loss: 1.6900, Val Acc: 67.77%| LR: 7.0E-05
2025-10-20 20:30:58,849 [INFO] Validation loss did not improve. Early stopping counter: 1/20
2025-10-20 20:31:08,732 [INFO] Epoch 61: Train Loss: 2.2693, Train Aux Loss: 0.0000, Train Acc: 71.70% | Val Loss: 1.6896, Val Acc: 67.77%| LR: 6.9E-05
2025-10-20 20:31:08,732 [INFO] Validation loss did not improve. Early stopping counter: 2/20
2025-10-20 20:31:18,678 [INFO] Epoch 62: Train Loss: 2.2245, Train Aux Loss: 0.0000, Train Acc: 74.95% | Val Loss: 1.6786, Val Acc: 67.55%| LR: 6.8E-05
2025-10-20 20:31:18,852 [INFO] Validation loss decreased from 1.6800 to 1.6786. Saving new best model.
2025-10-20 20:31:28,732 [INFO] Epoch 63: Train Loss: 2.2334, Train Aux Loss: 0.0000, Train Acc: 74.26% | Val Loss: 1.6748, Val Acc: 67.66%| LR: 6.7E-05
2025-10-20 20:31:28,900 [INFO] Validation loss decreased from 1.6786 to 1.6748. Saving new best model.
2025-10-20 20:31:38,812 [INFO] Epoch 64: Train Loss: 2.3174, Train Aux Loss: 0.0000, Train Acc: 70.27% | Val Loss: 1.6771, Val Acc: 67.77%| LR: 6.6E-05
2025-10-20 20:31:38,812 [INFO] Validation loss did not improve. Early stopping counter: 1/20
2025-10-20 20:31:48,893 [INFO] Epoch 65: Train Loss: 2.2057, Train Aux Loss: 0.0000, Train Acc: 75.43% | Val Loss: 1.6773, Val Acc: 67.66%| LR: 6.5E-05
2025-10-20 20:31:48,893 [INFO] Validation loss did not improve. Early stopping counter: 2/20
2025-10-20 20:31:58,777 [INFO] Epoch 66: Train Loss: 2.2675, Train Aux Loss: 0.0000, Train Acc: 70.48% | Val Loss: 1.6688, Val Acc: 68.51%| LR: 6.4E-05
2025-10-20 20:31:58,943 [INFO] Validation loss decreased from 1.6748 to 1.6688. Saving new best model.
2025-10-20 20:32:08,850 [INFO] Epoch 67: Train Loss: 2.1608, Train Aux Loss: 0.0000, Train Acc: 77.45% | Val Loss: 1.6713, Val Acc: 67.93%| LR: 6.3E-05
2025-10-20 20:32:08,851 [INFO] Validation loss did not improve. Early stopping counter: 1/20
2025-10-20 20:32:18,769 [INFO] Epoch 68: Train Loss: 2.2122, Train Aux Loss: 0.0000, Train Acc: 74.15% | Val Loss: 1.6746, Val Acc: 68.30%| LR: 6.2E-05
2025-10-20 20:32:18,770 [INFO] Validation loss did not improve. Early stopping counter: 2/20
2025-10-20 20:32:28,647 [INFO] Epoch 69: Train Loss: 2.2415, Train Aux Loss: 0.0000, Train Acc: 71.86% | Val Loss: 1.6788, Val Acc: 67.71%| LR: 6.1E-05
2025-10-20 20:32:28,647 [INFO] Validation loss did not improve. Early stopping counter: 3/20
2025-10-20 20:32:38,558 [INFO] Epoch 70: Train Loss: 2.2496, Train Aux Loss: 0.0000, Train Acc: 72.29% | Val Loss: 1.6699, Val Acc: 68.09%| LR: 6.0E-05
2025-10-20 20:32:38,558 [INFO] Validation loss did not improve. Early stopping counter: 4/20
2025-10-20 20:32:48,532 [INFO] Epoch 71: Train Loss: 2.2594, Train Aux Loss: 0.0000, Train Acc: 72.87% | Val Loss: 1.6704, Val Acc: 68.24%| LR: 5.9E-05
2025-10-20 20:32:48,532 [INFO] Validation loss did not improve. Early stopping counter: 5/20
2025-10-20 20:32:58,411 [INFO] Epoch 72: Train Loss: 2.1901, Train Aux Loss: 0.0000, Train Acc: 75.64% | Val Loss: 1.6655, Val Acc: 68.56%| LR: 5.7E-05
2025-10-20 20:32:58,588 [INFO] Validation loss decreased from 1.6688 to 1.6655. Saving new best model.
2025-10-20 20:33:08,483 [INFO] Epoch 73: Train Loss: 2.1575, Train Aux Loss: 0.0000, Train Acc: 77.02% | Val Loss: 1.6704, Val Acc: 68.72%| LR: 5.6E-05
2025-10-20 20:33:08,483 [INFO] Validation loss did not improve. Early stopping counter: 1/20
2025-10-20 20:33:18,356 [INFO] Epoch 74: Train Loss: 2.1816, Train Aux Loss: 0.0000, Train Acc: 76.86% | Val Loss: 1.6767, Val Acc: 68.09%| LR: 5.5E-05
2025-10-20 20:33:18,357 [INFO] Validation loss did not improve. Early stopping counter: 2/20
2025-10-20 20:33:28,239 [INFO] Epoch 75: Train Loss: 2.2209, Train Aux Loss: 0.0000, Train Acc: 76.12% | Val Loss: 1.6748, Val Acc: 68.46%| LR: 5.4E-05
2025-10-20 20:33:28,240 [INFO] Validation loss did not improve. Early stopping counter: 3/20
2025-10-20 20:33:38,186 [INFO] Epoch 76: Train Loss: 2.1568, Train Aux Loss: 0.0000, Train Acc: 76.97% | Val Loss: 1.6652, Val Acc: 68.56%| LR: 5.3E-05
2025-10-20 20:33:38,361 [INFO] Validation loss decreased from 1.6655 to 1.6652. Saving new best model.
2025-10-20 20:33:48,949 [INFO] Epoch 77: Train Loss: 2.2154, Train Aux Loss: 0.0000, Train Acc: 75.80% | Val Loss: 1.6715, Val Acc: 68.24%| LR: 5.2E-05
2025-10-20 20:33:48,949 [INFO] Validation loss did not improve. Early stopping counter: 1/20
2025-10-20 20:33:59,743 [INFO] Epoch 78: Train Loss: 2.2064, Train Aux Loss: 0.0000, Train Acc: 75.64% | Val Loss: 1.6678, Val Acc: 68.51%| LR: 5.1E-05
2025-10-20 20:33:59,743 [INFO] Validation loss did not improve. Early stopping counter: 2/20
2025-10-20 20:34:10,010 [INFO] Epoch 79: Train Loss: 2.1850, Train Aux Loss: 0.0000, Train Acc: 75.37% | Val Loss: 1.6686, Val Acc: 68.72%| LR: 5.0E-05
2025-10-20 20:34:10,010 [INFO] Validation loss did not improve. Early stopping counter: 3/20
2025-10-20 20:34:20,336 [INFO] Epoch 80: Train Loss: 2.2171, Train Aux Loss: 0.0000, Train Acc: 73.14% | Val Loss: 1.6699, Val Acc: 68.51%| LR: 4.9E-05
2025-10-20 20:34:20,337 [INFO] Validation loss did not improve. Early stopping counter: 4/20
2025-10-20 20:34:30,403 [INFO] Epoch 81: Train Loss: 2.2631, Train Aux Loss: 0.0000, Train Acc: 74.89% | Val Loss: 1.6777, Val Acc: 68.19%| LR: 4.8E-05
2025-10-20 20:34:30,403 [INFO] Validation loss did not improve. Early stopping counter: 5/20
2025-10-20 20:34:40,376 [INFO] Epoch 82: Train Loss: 2.1706, Train Aux Loss: 0.0000, Train Acc: 77.02% | Val Loss: 1.6696, Val Acc: 68.35%| LR: 4.7E-05
2025-10-20 20:34:40,376 [INFO] Validation loss did not improve. Early stopping counter: 6/20
2025-10-20 20:34:50,353 [INFO] Epoch 83: Train Loss: 2.1510, Train Aux Loss: 0.0000, Train Acc: 75.27% | Val Loss: 1.6602, Val Acc: 68.19%| LR: 4.6E-05
2025-10-20 20:34:50,534 [INFO] Validation loss decreased from 1.6652 to 1.6602. Saving new best model.
2025-10-20 20:35:00,423 [INFO] Epoch 84: Train Loss: 2.1236, Train Aux Loss: 0.0000, Train Acc: 75.64% | Val Loss: 1.6618, Val Acc: 68.35%| LR: 4.5E-05
2025-10-20 20:35:00,423 [INFO] Validation loss did not improve. Early stopping counter: 1/20
2025-10-20 20:35:10,308 [INFO] Epoch 85: Train Loss: 2.2648, Train Aux Loss: 0.0000, Train Acc: 71.86% | Val Loss: 1.6696, Val Acc: 68.72%| LR: 4.4E-05
2025-10-20 20:35:10,308 [INFO] Validation loss did not improve. Early stopping counter: 2/20
2025-10-20 20:35:20,168 [INFO] Epoch 86: Train Loss: 2.1996, Train Aux Loss: 0.0000, Train Acc: 74.63% | Val Loss: 1.6654, Val Acc: 68.40%| LR: 4.2E-05
2025-10-20 20:35:20,169 [INFO] Validation loss did not improve. Early stopping counter: 3/20
2025-10-20 20:35:30,063 [INFO] Epoch 87: Train Loss: 2.1690, Train Aux Loss: 0.0000, Train Acc: 74.57% | Val Loss: 1.6714, Val Acc: 68.46%| LR: 4.1E-05
2025-10-20 20:35:30,064 [INFO] Validation loss did not improve. Early stopping counter: 4/20
2025-10-20 20:35:39,922 [INFO] Epoch 88: Train Loss: 2.2033, Train Aux Loss: 0.0000, Train Acc: 74.63% | Val Loss: 1.6725, Val Acc: 67.93%| LR: 4.0E-05
2025-10-20 20:35:39,923 [INFO] Validation loss did not improve. Early stopping counter: 5/20
2025-10-20 20:35:49,793 [INFO] Epoch 89: Train Loss: 2.2027, Train Aux Loss: 0.0000, Train Acc: 75.37% | Val Loss: 1.6683, Val Acc: 68.72%| LR: 3.9E-05
2025-10-20 20:35:49,793 [INFO] Validation loss did not improve. Early stopping counter: 6/20
2025-10-20 20:35:59,726 [INFO] Epoch 90: Train Loss: 2.2238, Train Aux Loss: 0.0000, Train Acc: 75.37% | Val Loss: 1.6736, Val Acc: 68.51%| LR: 3.8E-05
2025-10-20 20:35:59,726 [INFO] Validation loss did not improve. Early stopping counter: 7/20
2025-10-20 20:36:09,613 [INFO] Epoch 91: Train Loss: 2.1287, Train Aux Loss: 0.0000, Train Acc: 76.76% | Val Loss: 1.6611, Val Acc: 68.99%| LR: 3.7E-05
2025-10-20 20:36:09,614 [INFO] Validation loss did not improve. Early stopping counter: 8/20
2025-10-20 20:36:19,443 [INFO] Epoch 92: Train Loss: 2.2200, Train Aux Loss: 0.0000, Train Acc: 75.85% | Val Loss: 1.6673, Val Acc: 68.99%| LR: 3.6E-05
2025-10-20 20:36:19,443 [INFO] Validation loss did not improve. Early stopping counter: 9/20
2025-10-20 20:36:29,384 [INFO] Epoch 93: Train Loss: 2.1753, Train Aux Loss: 0.0000, Train Acc: 74.73% | Val Loss: 1.6634, Val Acc: 68.94%| LR: 3.5E-05
2025-10-20 20:36:29,384 [INFO] Validation loss did not improve. Early stopping counter: 10/20
2025-10-20 20:36:39,301 [INFO] Epoch 94: Train Loss: 2.1723, Train Aux Loss: 0.0000, Train Acc: 78.40% | Val Loss: 1.6662, Val Acc: 68.46%| LR: 3.4E-05
2025-10-20 20:36:39,301 [INFO] Validation loss did not improve. Early stopping counter: 11/20
2025-10-20 20:36:49,284 [INFO] Epoch 95: Train Loss: 2.2498, Train Aux Loss: 0.0000, Train Acc: 72.82% | Val Loss: 1.6682, Val Acc: 68.78%| LR: 3.3E-05
2025-10-20 20:36:49,284 [INFO] Validation loss did not improve. Early stopping counter: 12/20
2025-10-20 20:36:59,181 [INFO] Epoch 96: Train Loss: 2.1933, Train Aux Loss: 0.0000, Train Acc: 73.19% | Val Loss: 1.6672, Val Acc: 68.78%| LR: 3.2E-05
2025-10-20 20:36:59,182 [INFO] Validation loss did not improve. Early stopping counter: 13/20
2025-10-20 20:37:09,142 [INFO] Epoch 97: Train Loss: 2.1341, Train Aux Loss: 0.0000, Train Acc: 77.66% | Val Loss: 1.6620, Val Acc: 69.10%| LR: 3.1E-05
2025-10-20 20:37:09,142 [INFO] Validation loss did not improve. Early stopping counter: 14/20
2025-10-20 20:37:19,024 [INFO] Epoch 98: Train Loss: 2.1395, Train Aux Loss: 0.0000, Train Acc: 78.46% | Val Loss: 1.6662, Val Acc: 68.78%| LR: 3.0E-05
2025-10-20 20:37:19,024 [INFO] Validation loss did not improve. Early stopping counter: 15/20
2025-10-20 20:37:28,870 [INFO] Epoch 99: Train Loss: 2.1666, Train Aux Loss: 0.0000, Train Acc: 77.45% | Val Loss: 1.6714, Val Acc: 68.67%| LR: 2.9E-05
2025-10-20 20:37:28,871 [INFO] Validation loss did not improve. Early stopping counter: 16/20
2025-10-20 20:37:38,708 [INFO] Epoch 100: Train Loss: 2.1848, Train Aux Loss: 0.0000, Train Acc: 74.79% | Val Loss: 1.6678, Val Acc: 68.83%| LR: 2.8E-05
2025-10-20 20:37:38,709 [INFO] Validation loss did not improve. Early stopping counter: 17/20
2025-10-20 20:37:48,584 [INFO] Epoch 101: Train Loss: 2.1796, Train Aux Loss: 0.0000, Train Acc: 76.91% | Val Loss: 1.6677, Val Acc: 69.04%| LR: 2.7E-05
2025-10-20 20:37:48,584 [INFO] Validation loss did not improve. Early stopping counter: 18/20
2025-10-20 20:37:58,462 [INFO] Epoch 102: Train Loss: 2.2106, Train Aux Loss: 0.0000, Train Acc: 76.81% | Val Loss: 1.6709, Val Acc: 68.67%| LR: 2.6E-05
2025-10-20 20:37:58,463 [INFO] Validation loss did not improve. Early stopping counter: 19/20
2025-10-20 20:38:08,288 [INFO] Epoch 103: Train Loss: 2.1444, Train Aux Loss: 0.0000, Train Acc: 80.00% | Val Loss: 1.6752, Val Acc: 68.83%| LR: 2.5E-05
2025-10-20 20:38:08,289 [INFO] Validation loss did not improve. Early stopping counter: 20/20
2025-10-20 20:38:08,289 [INFO] --- Early stopping triggered after 103 epochs. ---
2025-10-20 20:38:08,289 [INFO] --- Training finished ---
2025-10-20 20:38:08,296 [INFO] Training history saved to C:\Workspace\deep-learning-final-project\outputs\logs\deit_static_lora\training_run_20251020_201912_history.csv
