2025-10-20 21:30:04,540 [INFO] Configuration used: {'data_params': {'data_dir': 'data/processed', 'batch_size': 32, 'image_size': 224, 'num_workers': 4}, 'model_params': {'base_model_name': 'vit_small_patch16_224.augreg_in1k', 'mode': 'linear_probe'}, 'train_params': {'epochs': 150, 'learning_rate': 0.001, 'weight_decay': 0.05, 'seed': 42, 'early_stopping_patience': 20, 'warmup_epochs': 5, 'label_smoothing': 0.1, 'grad_clip_norm': 1.0, 'scheduler': {'T_max': 150, 'eta_min': 1e-06}, 'mixup': {'mixup_alpha': 0.8, 'cutmix_alpha': 1.0, 'prob': 1.0, 'switch_prob': 0.5, 'mode': 'batch'}}, 'output_params': {'model_save_dir': 'outputs/models', 'log_dir': 'outputs/logs'}}
2025-10-20 21:30:04,548 [INFO] Random seed set to 42
2025-10-20 21:30:04,582 [INFO] Using device: cuda
2025-10-20 21:30:04,598 [INFO] Data loaded. Found 47 classes.
2025-10-20 21:30:04,598 [INFO] Instantiating model...
2025-10-20 21:30:05,064 [INFO] Loading pretrained weights from Hugging Face hub (timm/vit_small_patch16_224.augreg_in1k)
2025-10-20 21:30:06,486 [INFO] [timm/vit_small_patch16_224.augreg_in1k] Safe alternative available for 'pytorch_model.bin' (as 'model.safetensors'). Loading weights using safetensors.
2025-10-20 21:30:06,707 [INFO] Model Parameter Summary: {'total_params': 21683759, 'trainable_params': 18095, 'trainable_percentage': 0.08344955318863302}
2025-10-20 21:30:07,086 [INFO] Total GFLOPs: 9.20
2025-10-20 21:30:07,086 [INFO] --- Model Parameter Summary ---
2025-10-20 21:30:07,086 [INFO] Total parameters:      21,683,759
2025-10-20 21:30:07,086 [INFO] Trainable parameters:  18,095
2025-10-20 21:30:07,086 [INFO] Trainable %:           0.08%
2025-10-20 21:30:07,087 [INFO] Total GFLOPs:          9.20
2025-10-20 21:30:07,087 [INFO] -----------------------------
2025-10-20 21:30:07,096 [INFO] Parameter summary saved to C:\Workspace\deep-learning-final-project\outputs\logs\vit_linear_probe\training_run_20251020_213004_summary.json
2025-10-20 21:30:07,098 [INFO] Mixup/CutMix enabled.
2025-10-20 21:30:07,098 [INFO] Using CrossEntropyLoss with label smoothing: 0.1
2025-10-20 21:30:07,099 [INFO] Setup complete. Starting training loop...
2025-10-20 21:30:07,099 [INFO] Gradient clipping enabled with max_norm: 1.0
2025-10-20 21:31:34,512 [INFO] Epoch 1: Train Loss: 4.4653, Train Aux Loss: 0.0000, Train Acc: 1.65% | Val Loss: 4.4539, Val Acc: 1.86%| LR: 1.0E-09
2025-10-20 21:31:34,668 [INFO] Validation loss decreased from inf to 4.4539. Saving new best model.
2025-10-20 21:31:43,846 [INFO] Epoch 2: Train Loss: 4.2276, Train Aux Loss: 0.0000, Train Acc: 4.04% | Val Loss: 3.8369, Val Acc: 8.72%| LR: 2.0E-04
2025-10-20 21:31:44,012 [INFO] Validation loss decreased from 4.4539 to 3.8369. Saving new best model.
2025-10-20 21:31:53,182 [INFO] Epoch 3: Train Loss: 3.7396, Train Aux Loss: 0.0000, Train Acc: 13.35% | Val Loss: 3.0398, Val Acc: 29.20%| LR: 4.0E-04
2025-10-20 21:31:53,350 [INFO] Validation loss decreased from 3.8369 to 3.0398. Saving new best model.
2025-10-20 21:32:02,579 [INFO] Epoch 4: Train Loss: 3.3742, Train Aux Loss: 0.0000, Train Acc: 27.18% | Val Loss: 2.5399, Val Acc: 43.99%| LR: 6.0E-04
2025-10-20 21:32:02,748 [INFO] Validation loss decreased from 3.0398 to 2.5399. Saving new best model.
2025-10-20 21:32:11,923 [INFO] Epoch 5: Train Loss: 3.0604, Train Aux Loss: 0.0000, Train Acc: 40.96% | Val Loss: 2.2486, Val Acc: 52.18%| LR: 8.0E-04
2025-10-20 21:32:12,086 [INFO] Validation loss decreased from 2.5399 to 2.2486. Saving new best model.
2025-10-20 21:32:21,180 [INFO] Epoch 6: Train Loss: 2.9938, Train Aux Loss: 0.0000, Train Acc: 43.03% | Val Loss: 2.1139, Val Acc: 55.00%| LR: 1.0E-03
2025-10-20 21:32:21,344 [INFO] Validation loss decreased from 2.2486 to 2.1139. Saving new best model.
2025-10-20 21:32:30,499 [INFO] Epoch 7: Train Loss: 2.8156, Train Aux Loss: 0.0000, Train Acc: 49.79% | Val Loss: 2.0533, Val Acc: 57.23%| LR: 1.0E-03
2025-10-20 21:32:30,662 [INFO] Validation loss decreased from 2.1139 to 2.0533. Saving new best model.
2025-10-20 21:32:39,995 [INFO] Epoch 8: Train Loss: 2.7682, Train Aux Loss: 0.0000, Train Acc: 52.07% | Val Loss: 2.0183, Val Acc: 58.46%| LR: 1.0E-03
2025-10-20 21:32:40,156 [INFO] Validation loss decreased from 2.0533 to 2.0183. Saving new best model.
2025-10-20 21:32:49,277 [INFO] Epoch 9: Train Loss: 2.7691, Train Aux Loss: 0.0000, Train Acc: 53.62% | Val Loss: 1.9966, Val Acc: 60.05%| LR: 1.0E-03
2025-10-20 21:32:49,462 [INFO] Validation loss decreased from 2.0183 to 1.9966. Saving new best model.
2025-10-20 21:32:58,554 [INFO] Epoch 10: Train Loss: 2.7310, Train Aux Loss: 0.0000, Train Acc: 54.41% | Val Loss: 1.9723, Val Acc: 61.01%| LR: 1.0E-03
2025-10-20 21:32:58,720 [INFO] Validation loss decreased from 1.9966 to 1.9723. Saving new best model.
2025-10-20 21:33:07,944 [INFO] Epoch 11: Train Loss: 2.8004, Train Aux Loss: 0.0000, Train Acc: 52.66% | Val Loss: 1.9912, Val Acc: 59.10%| LR: 1.0E-03
2025-10-20 21:33:07,945 [INFO] Validation loss did not improve. Early stopping counter: 1/20
2025-10-20 21:33:17,151 [INFO] Epoch 12: Train Loss: 2.7042, Train Aux Loss: 0.0000, Train Acc: 57.66% | Val Loss: 1.9585, Val Acc: 59.95%| LR: 1.0E-03
2025-10-20 21:33:17,323 [INFO] Validation loss decreased from 1.9723 to 1.9585. Saving new best model.
2025-10-20 21:33:26,545 [INFO] Epoch 13: Train Loss: 2.6768, Train Aux Loss: 0.0000, Train Acc: 55.90% | Val Loss: 1.9515, Val Acc: 59.89%| LR: 9.9E-04
2025-10-20 21:33:26,710 [INFO] Validation loss decreased from 1.9585 to 1.9515. Saving new best model.
2025-10-20 21:33:35,903 [INFO] Epoch 14: Train Loss: 2.8221, Train Aux Loss: 0.0000, Train Acc: 50.48% | Val Loss: 1.9607, Val Acc: 60.80%| LR: 9.9E-04
2025-10-20 21:33:35,903 [INFO] Validation loss did not improve. Early stopping counter: 1/20
2025-10-20 21:33:45,111 [INFO] Epoch 15: Train Loss: 2.7273, Train Aux Loss: 0.0000, Train Acc: 55.05% | Val Loss: 1.9429, Val Acc: 61.01%| LR: 9.9E-04
2025-10-20 21:33:45,278 [INFO] Validation loss decreased from 1.9515 to 1.9429. Saving new best model.
2025-10-20 21:33:54,492 [INFO] Epoch 16: Train Loss: 2.7001, Train Aux Loss: 0.0000, Train Acc: 56.38% | Val Loss: 1.9475, Val Acc: 60.16%| LR: 9.9E-04
2025-10-20 21:33:54,492 [INFO] Validation loss did not improve. Early stopping counter: 1/20
2025-10-20 21:34:03,637 [INFO] Epoch 17: Train Loss: 2.6191, Train Aux Loss: 0.0000, Train Acc: 59.89% | Val Loss: 1.9325, Val Acc: 62.34%| LR: 9.9E-04
2025-10-20 21:34:03,805 [INFO] Validation loss decreased from 1.9429 to 1.9325. Saving new best model.
2025-10-20 21:34:12,971 [INFO] Epoch 18: Train Loss: 2.6315, Train Aux Loss: 0.0000, Train Acc: 59.47% | Val Loss: 1.9522, Val Acc: 60.48%| LR: 9.8E-04
2025-10-20 21:34:12,971 [INFO] Validation loss did not improve. Early stopping counter: 1/20
2025-10-20 21:34:22,059 [INFO] Epoch 19: Train Loss: 2.6658, Train Aux Loss: 0.0000, Train Acc: 58.03% | Val Loss: 1.9409, Val Acc: 61.81%| LR: 9.8E-04
2025-10-20 21:34:22,059 [INFO] Validation loss did not improve. Early stopping counter: 2/20
2025-10-20 21:34:31,213 [INFO] Epoch 20: Train Loss: 2.5978, Train Aux Loss: 0.0000, Train Acc: 59.63% | Val Loss: 1.9578, Val Acc: 60.59%| LR: 9.8E-04
2025-10-20 21:34:31,214 [INFO] Validation loss did not improve. Early stopping counter: 3/20
2025-10-20 21:34:40,354 [INFO] Epoch 21: Train Loss: 2.6148, Train Aux Loss: 0.0000, Train Acc: 60.43% | Val Loss: 1.9493, Val Acc: 61.65%| LR: 9.7E-04
2025-10-20 21:34:40,355 [INFO] Validation loss did not improve. Early stopping counter: 4/20
2025-10-20 21:34:49,490 [INFO] Epoch 22: Train Loss: 2.6286, Train Aux Loss: 0.0000, Train Acc: 58.35% | Val Loss: 1.9198, Val Acc: 61.76%| LR: 9.7E-04
2025-10-20 21:34:49,654 [INFO] Validation loss decreased from 1.9325 to 1.9198. Saving new best model.
2025-10-20 21:34:58,868 [INFO] Epoch 23: Train Loss: 2.6392, Train Aux Loss: 0.0000, Train Acc: 57.82% | Val Loss: 1.9305, Val Acc: 61.49%| LR: 9.7E-04
2025-10-20 21:34:58,869 [INFO] Validation loss did not improve. Early stopping counter: 1/20
2025-10-20 21:35:07,948 [INFO] Epoch 24: Train Loss: 2.6179, Train Aux Loss: 0.0000, Train Acc: 59.26% | Val Loss: 1.9308, Val Acc: 61.49%| LR: 9.6E-04
2025-10-20 21:35:07,949 [INFO] Validation loss did not improve. Early stopping counter: 2/20
2025-10-20 21:35:17,083 [INFO] Epoch 25: Train Loss: 2.6286, Train Aux Loss: 0.0000, Train Acc: 62.13% | Val Loss: 1.9296, Val Acc: 61.22%| LR: 9.6E-04
2025-10-20 21:35:17,083 [INFO] Validation loss did not improve. Early stopping counter: 3/20
2025-10-20 21:35:26,274 [INFO] Epoch 26: Train Loss: 2.6569, Train Aux Loss: 0.0000, Train Acc: 58.19% | Val Loss: 1.9319, Val Acc: 61.06%| LR: 9.5E-04
2025-10-20 21:35:26,274 [INFO] Validation loss did not improve. Early stopping counter: 4/20
2025-10-20 21:35:35,423 [INFO] Epoch 27: Train Loss: 2.6745, Train Aux Loss: 0.0000, Train Acc: 58.46% | Val Loss: 1.9267, Val Acc: 62.23%| LR: 9.5E-04
2025-10-20 21:35:35,423 [INFO] Validation loss did not improve. Early stopping counter: 5/20
2025-10-20 21:35:44,618 [INFO] Epoch 28: Train Loss: 2.6447, Train Aux Loss: 0.0000, Train Acc: 59.52% | Val Loss: 1.9319, Val Acc: 62.18%| LR: 9.4E-04
2025-10-20 21:35:44,618 [INFO] Validation loss did not improve. Early stopping counter: 6/20
2025-10-20 21:35:53,863 [INFO] Epoch 29: Train Loss: 2.6459, Train Aux Loss: 0.0000, Train Acc: 58.24% | Val Loss: 1.9453, Val Acc: 62.02%| LR: 9.4E-04
2025-10-20 21:35:53,864 [INFO] Validation loss did not improve. Early stopping counter: 7/20
2025-10-20 21:36:03,032 [INFO] Epoch 30: Train Loss: 2.6001, Train Aux Loss: 0.0000, Train Acc: 60.16% | Val Loss: 1.9423, Val Acc: 61.28%| LR: 9.3E-04
2025-10-20 21:36:03,032 [INFO] Validation loss did not improve. Early stopping counter: 8/20
2025-10-20 21:36:12,123 [INFO] Epoch 31: Train Loss: 2.5920, Train Aux Loss: 0.0000, Train Acc: 60.37% | Val Loss: 1.9393, Val Acc: 61.22%| LR: 9.3E-04
2025-10-20 21:36:12,124 [INFO] Validation loss did not improve. Early stopping counter: 9/20
2025-10-20 21:36:21,318 [INFO] Epoch 32: Train Loss: 2.6017, Train Aux Loss: 0.0000, Train Acc: 60.37% | Val Loss: 1.9157, Val Acc: 61.76%| LR: 9.2E-04
2025-10-20 21:36:21,486 [INFO] Validation loss decreased from 1.9198 to 1.9157. Saving new best model.
2025-10-20 21:36:30,661 [INFO] Epoch 33: Train Loss: 2.5053, Train Aux Loss: 0.0000, Train Acc: 64.20% | Val Loss: 1.9330, Val Acc: 60.90%| LR: 9.2E-04
2025-10-20 21:36:30,661 [INFO] Validation loss did not improve. Early stopping counter: 1/20
2025-10-20 21:36:39,851 [INFO] Epoch 34: Train Loss: 2.6150, Train Aux Loss: 0.0000, Train Acc: 60.21% | Val Loss: 1.9314, Val Acc: 62.13%| LR: 9.1E-04
2025-10-20 21:36:39,851 [INFO] Validation loss did not improve. Early stopping counter: 2/20
2025-10-20 21:36:48,984 [INFO] Epoch 35: Train Loss: 2.6907, Train Aux Loss: 0.0000, Train Acc: 58.46% | Val Loss: 1.9610, Val Acc: 61.06%| LR: 9.0E-04
2025-10-20 21:36:48,984 [INFO] Validation loss did not improve. Early stopping counter: 3/20
2025-10-20 21:36:58,243 [INFO] Epoch 36: Train Loss: 2.6365, Train Aux Loss: 0.0000, Train Acc: 59.31% | Val Loss: 1.9410, Val Acc: 60.90%| LR: 9.0E-04
2025-10-20 21:36:58,244 [INFO] Validation loss did not improve. Early stopping counter: 4/20
2025-10-20 21:37:07,326 [INFO] Epoch 37: Train Loss: 2.5893, Train Aux Loss: 0.0000, Train Acc: 62.39% | Val Loss: 1.9134, Val Acc: 61.49%| LR: 8.9E-04
2025-10-20 21:37:07,500 [INFO] Validation loss decreased from 1.9157 to 1.9134. Saving new best model.
2025-10-20 21:37:16,727 [INFO] Epoch 38: Train Loss: 2.6639, Train Aux Loss: 0.0000, Train Acc: 59.57% | Val Loss: 1.9177, Val Acc: 61.33%| LR: 8.8E-04
2025-10-20 21:37:16,728 [INFO] Validation loss did not improve. Early stopping counter: 1/20
2025-10-20 21:37:25,799 [INFO] Epoch 39: Train Loss: 2.5865, Train Aux Loss: 0.0000, Train Acc: 61.81% | Val Loss: 1.9148, Val Acc: 61.17%| LR: 8.8E-04
2025-10-20 21:37:25,800 [INFO] Validation loss did not improve. Early stopping counter: 2/20
2025-10-20 21:37:35,014 [INFO] Epoch 40: Train Loss: 2.7309, Train Aux Loss: 0.0000, Train Acc: 56.28% | Val Loss: 1.9520, Val Acc: 61.70%| LR: 8.7E-04
2025-10-20 21:37:35,014 [INFO] Validation loss did not improve. Early stopping counter: 3/20
2025-10-20 21:37:44,109 [INFO] Epoch 41: Train Loss: 2.6526, Train Aux Loss: 0.0000, Train Acc: 59.15% | Val Loss: 1.9448, Val Acc: 60.85%| LR: 8.6E-04
2025-10-20 21:37:44,109 [INFO] Validation loss did not improve. Early stopping counter: 4/20
2025-10-20 21:37:53,210 [INFO] Epoch 42: Train Loss: 2.5563, Train Aux Loss: 0.0000, Train Acc: 62.45% | Val Loss: 1.9441, Val Acc: 60.96%| LR: 8.6E-04
2025-10-20 21:37:53,211 [INFO] Validation loss did not improve. Early stopping counter: 5/20
2025-10-20 21:38:02,476 [INFO] Epoch 43: Train Loss: 2.5041, Train Aux Loss: 0.0000, Train Acc: 65.48% | Val Loss: 1.9363, Val Acc: 60.69%| LR: 8.5E-04
2025-10-20 21:38:02,476 [INFO] Validation loss did not improve. Early stopping counter: 6/20
2025-10-20 21:38:11,638 [INFO] Epoch 44: Train Loss: 2.5962, Train Aux Loss: 0.0000, Train Acc: 60.85% | Val Loss: 1.9288, Val Acc: 60.53%| LR: 8.4E-04
2025-10-20 21:38:11,639 [INFO] Validation loss did not improve. Early stopping counter: 7/20
2025-10-20 21:38:20,908 [INFO] Epoch 45: Train Loss: 2.5612, Train Aux Loss: 0.0000, Train Acc: 64.89% | Val Loss: 1.9118, Val Acc: 61.17%| LR: 8.3E-04
2025-10-20 21:38:21,074 [INFO] Validation loss decreased from 1.9134 to 1.9118. Saving new best model.
2025-10-20 21:38:30,238 [INFO] Epoch 46: Train Loss: 2.5599, Train Aux Loss: 0.0000, Train Acc: 64.41% | Val Loss: 1.9137, Val Acc: 62.02%| LR: 8.2E-04
2025-10-20 21:38:30,239 [INFO] Validation loss did not improve. Early stopping counter: 1/20
2025-10-20 21:38:39,342 [INFO] Epoch 47: Train Loss: 2.5945, Train Aux Loss: 0.0000, Train Acc: 58.40% | Val Loss: 1.9184, Val Acc: 61.86%| LR: 8.2E-04
2025-10-20 21:38:39,342 [INFO] Validation loss did not improve. Early stopping counter: 2/20
2025-10-20 21:38:48,425 [INFO] Epoch 48: Train Loss: 2.6452, Train Aux Loss: 0.0000, Train Acc: 59.57% | Val Loss: 1.9306, Val Acc: 61.81%| LR: 8.1E-04
2025-10-20 21:38:48,425 [INFO] Validation loss did not improve. Early stopping counter: 3/20
2025-10-20 21:38:57,490 [INFO] Epoch 49: Train Loss: 2.6135, Train Aux Loss: 0.0000, Train Acc: 60.74% | Val Loss: 1.9199, Val Acc: 61.76%| LR: 8.0E-04
2025-10-20 21:38:57,490 [INFO] Validation loss did not improve. Early stopping counter: 4/20
2025-10-20 21:39:06,748 [INFO] Epoch 50: Train Loss: 2.6214, Train Aux Loss: 0.0000, Train Acc: 60.11% | Val Loss: 1.9178, Val Acc: 62.18%| LR: 7.9E-04
2025-10-20 21:39:06,748 [INFO] Validation loss did not improve. Early stopping counter: 5/20
2025-10-20 21:39:15,845 [INFO] Epoch 51: Train Loss: 2.5549, Train Aux Loss: 0.0000, Train Acc: 61.44% | Val Loss: 1.9020, Val Acc: 62.55%| LR: 7.8E-04
2025-10-20 21:39:16,011 [INFO] Validation loss decreased from 1.9118 to 1.9020. Saving new best model.
2025-10-20 21:39:25,062 [INFO] Epoch 52: Train Loss: 2.5810, Train Aux Loss: 0.0000, Train Acc: 61.12% | Val Loss: 1.9193, Val Acc: 61.60%| LR: 7.7E-04
2025-10-20 21:39:25,063 [INFO] Validation loss did not improve. Early stopping counter: 1/20
2025-10-20 21:39:34,023 [INFO] Epoch 53: Train Loss: 2.6022, Train Aux Loss: 0.0000, Train Acc: 60.32% | Val Loss: 1.9127, Val Acc: 62.77%| LR: 7.6E-04
2025-10-20 21:39:34,024 [INFO] Validation loss did not improve. Early stopping counter: 2/20
2025-10-20 21:39:43,063 [INFO] Epoch 54: Train Loss: 2.6870, Train Aux Loss: 0.0000, Train Acc: 59.57% | Val Loss: 1.9389, Val Acc: 61.60%| LR: 7.5E-04
2025-10-20 21:39:43,064 [INFO] Validation loss did not improve. Early stopping counter: 3/20
2025-10-20 21:39:52,167 [INFO] Epoch 55: Train Loss: 2.5394, Train Aux Loss: 0.0000, Train Acc: 65.69% | Val Loss: 1.9044, Val Acc: 62.82%| LR: 7.4E-04
2025-10-20 21:39:52,167 [INFO] Validation loss did not improve. Early stopping counter: 4/20
2025-10-20 21:40:01,196 [INFO] Epoch 56: Train Loss: 2.5645, Train Aux Loss: 0.0000, Train Acc: 62.55% | Val Loss: 1.9056, Val Acc: 63.09%| LR: 7.3E-04
2025-10-20 21:40:01,197 [INFO] Validation loss did not improve. Early stopping counter: 5/20
2025-10-20 21:40:10,350 [INFO] Epoch 57: Train Loss: 2.5379, Train Aux Loss: 0.0000, Train Acc: 63.99% | Val Loss: 1.9206, Val Acc: 62.55%| LR: 7.2E-04
2025-10-20 21:40:10,350 [INFO] Validation loss did not improve. Early stopping counter: 6/20
2025-10-20 21:40:19,444 [INFO] Epoch 58: Train Loss: 2.6164, Train Aux Loss: 0.0000, Train Acc: 59.15% | Val Loss: 1.9261, Val Acc: 62.55%| LR: 7.2E-04
2025-10-20 21:40:19,445 [INFO] Validation loss did not improve. Early stopping counter: 7/20
2025-10-20 21:40:28,547 [INFO] Epoch 59: Train Loss: 2.5133, Train Aux Loss: 0.0000, Train Acc: 64.63% | Val Loss: 1.9044, Val Acc: 62.07%| LR: 7.1E-04
2025-10-20 21:40:28,547 [INFO] Validation loss did not improve. Early stopping counter: 8/20
2025-10-20 21:40:37,758 [INFO] Epoch 60: Train Loss: 2.6626, Train Aux Loss: 0.0000, Train Acc: 60.16% | Val Loss: 1.9164, Val Acc: 62.61%| LR: 7.0E-04
2025-10-20 21:40:37,758 [INFO] Validation loss did not improve. Early stopping counter: 9/20
2025-10-20 21:40:46,829 [INFO] Epoch 61: Train Loss: 2.6144, Train Aux Loss: 0.0000, Train Acc: 61.44% | Val Loss: 1.9112, Val Acc: 61.97%| LR: 6.9E-04
2025-10-20 21:40:46,830 [INFO] Validation loss did not improve. Early stopping counter: 10/20
2025-10-20 21:40:55,981 [INFO] Epoch 62: Train Loss: 2.5472, Train Aux Loss: 0.0000, Train Acc: 62.55% | Val Loss: 1.9006, Val Acc: 62.87%| LR: 6.8E-04
2025-10-20 21:40:56,155 [INFO] Validation loss decreased from 1.9020 to 1.9006. Saving new best model.
2025-10-20 21:41:05,318 [INFO] Epoch 63: Train Loss: 2.5264, Train Aux Loss: 0.0000, Train Acc: 64.95% | Val Loss: 1.9021, Val Acc: 62.55%| LR: 6.7E-04
2025-10-20 21:41:05,318 [INFO] Validation loss did not improve. Early stopping counter: 1/20
2025-10-20 21:41:14,423 [INFO] Epoch 64: Train Loss: 2.6577, Train Aux Loss: 0.0000, Train Acc: 60.27% | Val Loss: 1.9137, Val Acc: 62.50%| LR: 6.5E-04
2025-10-20 21:41:14,424 [INFO] Validation loss did not improve. Early stopping counter: 2/20
2025-10-20 21:41:23,489 [INFO] Epoch 65: Train Loss: 2.5387, Train Aux Loss: 0.0000, Train Acc: 64.15% | Val Loss: 1.9051, Val Acc: 63.19%| LR: 6.4E-04
2025-10-20 21:41:23,489 [INFO] Validation loss did not improve. Early stopping counter: 3/20
2025-10-20 21:41:32,430 [INFO] Epoch 66: Train Loss: 2.5651, Train Aux Loss: 0.0000, Train Acc: 61.86% | Val Loss: 1.9032, Val Acc: 61.97%| LR: 6.3E-04
2025-10-20 21:41:32,430 [INFO] Validation loss did not improve. Early stopping counter: 4/20
2025-10-20 21:41:41,503 [INFO] Epoch 67: Train Loss: 2.4602, Train Aux Loss: 0.0000, Train Acc: 67.07% | Val Loss: 1.8932, Val Acc: 62.13%| LR: 6.2E-04
2025-10-20 21:41:41,671 [INFO] Validation loss decreased from 1.9006 to 1.8932. Saving new best model.
2025-10-20 21:41:50,736 [INFO] Epoch 68: Train Loss: 2.5324, Train Aux Loss: 0.0000, Train Acc: 64.47% | Val Loss: 1.9001, Val Acc: 63.35%| LR: 6.1E-04
2025-10-20 21:41:50,736 [INFO] Validation loss did not improve. Early stopping counter: 1/20
2025-10-20 21:41:59,856 [INFO] Epoch 69: Train Loss: 2.5718, Train Aux Loss: 0.0000, Train Acc: 59.31% | Val Loss: 1.8989, Val Acc: 63.19%| LR: 6.0E-04
2025-10-20 21:41:59,856 [INFO] Validation loss did not improve. Early stopping counter: 2/20
2025-10-20 21:42:08,896 [INFO] Epoch 70: Train Loss: 2.5603, Train Aux Loss: 0.0000, Train Acc: 61.44% | Val Loss: 1.9041, Val Acc: 63.46%| LR: 5.9E-04
2025-10-20 21:42:08,897 [INFO] Validation loss did not improve. Early stopping counter: 3/20
2025-10-20 21:42:18,023 [INFO] Epoch 71: Train Loss: 2.6059, Train Aux Loss: 0.0000, Train Acc: 60.53% | Val Loss: 1.9070, Val Acc: 62.39%| LR: 5.8E-04
2025-10-20 21:42:18,023 [INFO] Validation loss did not improve. Early stopping counter: 4/20
2025-10-20 21:42:27,139 [INFO] Epoch 72: Train Loss: 2.4989, Train Aux Loss: 0.0000, Train Acc: 64.31% | Val Loss: 1.9076, Val Acc: 62.61%| LR: 5.7E-04
2025-10-20 21:42:27,140 [INFO] Validation loss did not improve. Early stopping counter: 5/20
2025-10-20 21:42:36,164 [INFO] Epoch 73: Train Loss: 2.4675, Train Aux Loss: 0.0000, Train Acc: 66.86% | Val Loss: 1.8785, Val Acc: 63.88%| LR: 5.6E-04
2025-10-20 21:42:36,332 [INFO] Validation loss decreased from 1.8932 to 1.8785. Saving new best model.
2025-10-20 21:42:45,461 [INFO] Epoch 74: Train Loss: 2.5228, Train Aux Loss: 0.0000, Train Acc: 65.85% | Val Loss: 1.8777, Val Acc: 64.68%| LR: 5.5E-04
2025-10-20 21:42:45,631 [INFO] Validation loss decreased from 1.8785 to 1.8777. Saving new best model.
2025-10-20 21:42:54,731 [INFO] Epoch 75: Train Loss: 2.5720, Train Aux Loss: 0.0000, Train Acc: 62.87% | Val Loss: 1.8851, Val Acc: 62.93%| LR: 5.4E-04
2025-10-20 21:42:54,731 [INFO] Validation loss did not improve. Early stopping counter: 1/20
2025-10-20 21:43:03,867 [INFO] Epoch 76: Train Loss: 2.4749, Train Aux Loss: 0.0000, Train Acc: 65.16% | Val Loss: 1.8872, Val Acc: 64.04%| LR: 5.3E-04
2025-10-20 21:43:03,868 [INFO] Validation loss did not improve. Early stopping counter: 2/20
2025-10-20 21:43:12,967 [INFO] Epoch 77: Train Loss: 2.5121, Train Aux Loss: 0.0000, Train Acc: 67.39% | Val Loss: 1.8863, Val Acc: 64.20%| LR: 5.2E-04
2025-10-20 21:43:12,967 [INFO] Validation loss did not improve. Early stopping counter: 3/20
2025-10-20 21:43:22,019 [INFO] Epoch 78: Train Loss: 2.5612, Train Aux Loss: 0.0000, Train Acc: 63.24% | Val Loss: 1.8946, Val Acc: 63.94%| LR: 5.1E-04
2025-10-20 21:43:22,019 [INFO] Validation loss did not improve. Early stopping counter: 4/20
2025-10-20 21:43:31,169 [INFO] Epoch 79: Train Loss: 2.5262, Train Aux Loss: 0.0000, Train Acc: 62.29% | Val Loss: 1.8982, Val Acc: 62.87%| LR: 5.0E-04
2025-10-20 21:43:31,169 [INFO] Validation loss did not improve. Early stopping counter: 5/20
2025-10-20 21:43:40,235 [INFO] Epoch 80: Train Loss: 2.5501, Train Aux Loss: 0.0000, Train Acc: 60.69% | Val Loss: 1.8941, Val Acc: 63.14%| LR: 4.8E-04
2025-10-20 21:43:40,235 [INFO] Validation loss did not improve. Early stopping counter: 6/20
2025-10-20 21:43:49,310 [INFO] Epoch 81: Train Loss: 2.6073, Train Aux Loss: 0.0000, Train Acc: 63.24% | Val Loss: 1.8965, Val Acc: 62.77%| LR: 4.7E-04
2025-10-20 21:43:49,310 [INFO] Validation loss did not improve. Early stopping counter: 7/20
2025-10-20 21:43:58,392 [INFO] Epoch 82: Train Loss: 2.5359, Train Aux Loss: 0.0000, Train Acc: 63.62% | Val Loss: 1.8825, Val Acc: 63.19%| LR: 4.6E-04
2025-10-20 21:43:58,392 [INFO] Validation loss did not improve. Early stopping counter: 8/20
2025-10-20 21:44:07,519 [INFO] Epoch 83: Train Loss: 2.5113, Train Aux Loss: 0.0000, Train Acc: 63.56% | Val Loss: 1.8830, Val Acc: 62.29%| LR: 4.5E-04
2025-10-20 21:44:07,519 [INFO] Validation loss did not improve. Early stopping counter: 9/20
2025-10-20 21:44:16,553 [INFO] Epoch 84: Train Loss: 2.4612, Train Aux Loss: 0.0000, Train Acc: 66.49% | Val Loss: 1.8705, Val Acc: 63.46%| LR: 4.4E-04
2025-10-20 21:44:16,722 [INFO] Validation loss decreased from 1.8777 to 1.8705. Saving new best model.
2025-10-20 21:44:25,819 [INFO] Epoch 85: Train Loss: 2.5890, Train Aux Loss: 0.0000, Train Acc: 63.19% | Val Loss: 1.8765, Val Acc: 63.09%| LR: 4.3E-04
2025-10-20 21:44:25,819 [INFO] Validation loss did not improve. Early stopping counter: 1/20
2025-10-20 21:44:34,902 [INFO] Epoch 86: Train Loss: 2.4889, Train Aux Loss: 0.0000, Train Acc: 66.22% | Val Loss: 1.8862, Val Acc: 63.40%| LR: 4.2E-04
2025-10-20 21:44:34,903 [INFO] Validation loss did not improve. Early stopping counter: 2/20
2025-10-20 21:44:44,006 [INFO] Epoch 87: Train Loss: 2.5030, Train Aux Loss: 0.0000, Train Acc: 62.66% | Val Loss: 1.8758, Val Acc: 62.98%| LR: 4.1E-04
2025-10-20 21:44:44,007 [INFO] Validation loss did not improve. Early stopping counter: 3/20
2025-10-20 21:44:53,149 [INFO] Epoch 88: Train Loss: 2.5245, Train Aux Loss: 0.0000, Train Acc: 63.46% | Val Loss: 1.8765, Val Acc: 63.88%| LR: 4.0E-04
2025-10-20 21:44:53,149 [INFO] Validation loss did not improve. Early stopping counter: 4/20
2025-10-20 21:45:02,333 [INFO] Epoch 89: Train Loss: 2.5130, Train Aux Loss: 0.0000, Train Acc: 66.86% | Val Loss: 1.8802, Val Acc: 63.62%| LR: 3.9E-04
2025-10-20 21:45:02,333 [INFO] Validation loss did not improve. Early stopping counter: 5/20
2025-10-20 21:45:11,522 [INFO] Epoch 90: Train Loss: 2.5639, Train Aux Loss: 0.0000, Train Acc: 64.84% | Val Loss: 1.8839, Val Acc: 63.88%| LR: 3.8E-04
2025-10-20 21:45:11,522 [INFO] Validation loss did not improve. Early stopping counter: 6/20
2025-10-20 21:45:20,542 [INFO] Epoch 91: Train Loss: 2.4554, Train Aux Loss: 0.0000, Train Acc: 66.54% | Val Loss: 1.8800, Val Acc: 63.56%| LR: 3.7E-04
2025-10-20 21:45:20,542 [INFO] Validation loss did not improve. Early stopping counter: 7/20
2025-10-20 21:45:29,663 [INFO] Epoch 92: Train Loss: 2.5775, Train Aux Loss: 0.0000, Train Acc: 62.98% | Val Loss: 1.8887, Val Acc: 63.72%| LR: 3.6E-04
2025-10-20 21:45:29,663 [INFO] Validation loss did not improve. Early stopping counter: 8/20
2025-10-20 21:45:38,839 [INFO] Epoch 93: Train Loss: 2.5292, Train Aux Loss: 0.0000, Train Acc: 63.51% | Val Loss: 1.8869, Val Acc: 63.30%| LR: 3.5E-04
2025-10-20 21:45:38,840 [INFO] Validation loss did not improve. Early stopping counter: 9/20
2025-10-20 21:45:47,938 [INFO] Epoch 94: Train Loss: 2.4894, Train Aux Loss: 0.0000, Train Acc: 67.07% | Val Loss: 1.8857, Val Acc: 64.04%| LR: 3.4E-04
2025-10-20 21:45:47,938 [INFO] Validation loss did not improve. Early stopping counter: 10/20
2025-10-20 21:45:57,146 [INFO] Epoch 95: Train Loss: 2.5587, Train Aux Loss: 0.0000, Train Acc: 61.97% | Val Loss: 1.8912, Val Acc: 64.04%| LR: 3.3E-04
2025-10-20 21:45:57,147 [INFO] Validation loss did not improve. Early stopping counter: 11/20
2025-10-20 21:46:06,153 [INFO] Epoch 96: Train Loss: 2.5058, Train Aux Loss: 0.0000, Train Acc: 63.24% | Val Loss: 1.8809, Val Acc: 63.30%| LR: 3.2E-04
2025-10-20 21:46:06,154 [INFO] Validation loss did not improve. Early stopping counter: 12/20
2025-10-20 21:46:15,426 [INFO] Epoch 97: Train Loss: 2.4599, Train Aux Loss: 0.0000, Train Acc: 67.39% | Val Loss: 1.8820, Val Acc: 63.78%| LR: 3.1E-04
2025-10-20 21:46:15,426 [INFO] Validation loss did not improve. Early stopping counter: 13/20
2025-10-20 21:46:24,466 [INFO] Epoch 98: Train Loss: 2.4764, Train Aux Loss: 0.0000, Train Acc: 64.89% | Val Loss: 1.8825, Val Acc: 63.30%| LR: 3.0E-04
2025-10-20 21:46:24,466 [INFO] Validation loss did not improve. Early stopping counter: 14/20
2025-10-20 21:46:33,676 [INFO] Epoch 99: Train Loss: 2.5031, Train Aux Loss: 0.0000, Train Acc: 65.37% | Val Loss: 1.8781, Val Acc: 63.40%| LR: 2.9E-04
2025-10-20 21:46:33,676 [INFO] Validation loss did not improve. Early stopping counter: 15/20
2025-10-20 21:46:42,938 [INFO] Epoch 100: Train Loss: 2.5259, Train Aux Loss: 0.0000, Train Acc: 63.67% | Val Loss: 1.8812, Val Acc: 63.19%| LR: 2.8E-04
2025-10-20 21:46:42,939 [INFO] Validation loss did not improve. Early stopping counter: 16/20
2025-10-20 21:46:52,021 [INFO] Epoch 101: Train Loss: 2.4673, Train Aux Loss: 0.0000, Train Acc: 67.87% | Val Loss: 1.8800, Val Acc: 63.83%| LR: 2.7E-04
2025-10-20 21:46:52,021 [INFO] Validation loss did not improve. Early stopping counter: 17/20
2025-10-20 21:47:01,121 [INFO] Epoch 102: Train Loss: 2.5431, Train Aux Loss: 0.0000, Train Acc: 65.16% | Val Loss: 1.8746, Val Acc: 63.78%| LR: 2.6E-04
2025-10-20 21:47:01,121 [INFO] Validation loss did not improve. Early stopping counter: 18/20
2025-10-20 21:47:10,120 [INFO] Epoch 103: Train Loss: 2.4590, Train Aux Loss: 0.0000, Train Acc: 68.09% | Val Loss: 1.8779, Val Acc: 63.56%| LR: 2.5E-04
2025-10-20 21:47:10,121 [INFO] Validation loss did not improve. Early stopping counter: 19/20
2025-10-20 21:47:19,063 [INFO] Epoch 104: Train Loss: 2.5371, Train Aux Loss: 0.0000, Train Acc: 62.61% | Val Loss: 1.8762, Val Acc: 63.62%| LR: 2.4E-04
2025-10-20 21:47:19,063 [INFO] Validation loss did not improve. Early stopping counter: 20/20
2025-10-20 21:47:19,063 [INFO] --- Early stopping triggered after 104 epochs. ---
2025-10-20 21:47:19,064 [INFO] --- Training finished ---
2025-10-20 21:47:19,069 [INFO] Training history saved to C:\Workspace\deep-learning-final-project\outputs\logs\vit_linear_probe\training_run_20251020_213004_history.csv
